2025-01-04 00:00:06,974 [ERROR] LogOutputStream:75 - [STDERR_REDIRECT] Jan 04, 2025 12:00:06 AM java.util.prefs.FileSystemPreferences checkLockFile0ErrorCode
2025-01-04 00:00:06,976 [ERROR] LogOutputStream:75 - [STDERR_REDIRECT] WARNING: Could not lock System prefs. Unix error code 2.
2025-01-04 00:00:06,976 [ERROR] LogOutputStream:75 - [STDERR_REDIRECT] 
2025-01-04 00:00:06,977 [ERROR] LogOutputStream:75 - [STDERR_REDIRECT] Jan 04, 2025 12:00:06 AM java.util.prefs.FileSystemPreferences syncWorld
2025-01-04 00:00:06,977 [ERROR] LogOutputStream:75 - [STDERR_REDIRECT] WARNING: Couldn't flush system prefs: java.util.prefs.BackingStoreException: Couldn't get file lock.
2025-01-04 00:00:06,977 [ERROR] LogOutputStream:75 - [STDERR_REDIRECT] 
2025-01-04 00:00:36,973 [ERROR] LogOutputStream:75 - [STDERR_REDIRECT] Jan 04, 2025 12:00:36 AM java.util.prefs.FileSystemPreferences checkLockFile0ErrorCode
2025-01-04 00:00:36,973 [ERROR] LogOutputStream:75 - [STDERR_REDIRECT] WARNING: Could not lock System prefs. Unix error code 2.
2025-01-04 00:00:36,974 [ERROR] LogOutputStream:75 - [STDERR_REDIRECT] 
2025-01-04 00:00:36,974 [ERROR] LogOutputStream:75 - [STDERR_REDIRECT] Jan 04, 2025 12:00:36 AM java.util.prefs.FileSystemPreferences syncWorld
2025-01-04 00:00:36,974 [ERROR] LogOutputStream:75 - [STDERR_REDIRECT] WARNING: Couldn't flush system prefs: java.util.prefs.BackingStoreException: Couldn't get file lock.
2025-01-04 00:00:36,974 [ERROR] LogOutputStream:75 - [STDERR_REDIRECT] 
2025-01-04 00:01:06,975 [ERROR] LogOutputStream:75 - [STDERR_REDIRECT] Jan 04, 2025 12:01:06 AM java.util.prefs.FileSystemPreferences checkLockFile0ErrorCode
2025-01-04 00:01:06,975 [ERROR] LogOutputStream:75 - [STDERR_REDIRECT] WARNING: Could not lock System prefs. Unix error code 2.
2025-01-04 00:01:06,975 [ERROR] LogOutputStream:75 - [STDERR_REDIRECT] 
2025-01-04 00:01:06,976 [ERROR] LogOutputStream:75 - [STDERR_REDIRECT] Jan 04, 2025 12:01:06 AM java.util.prefs.FileSystemPreferences syncWorld
2025-01-04 00:01:06,976 [ERROR] LogOutputStream:75 - [STDERR_REDIRECT] WARNING: Couldn't flush system prefs: java.util.prefs.BackingStoreException: Couldn't get file lock.
2025-01-04 00:01:06,976 [ERROR] LogOutputStream:75 - [STDERR_REDIRECT] 
2025-01-04 00:01:36,975 [ERROR] LogOutputStream:75 - [STDERR_REDIRECT] Jan 04, 2025 12:01:36 AM java.util.prefs.FileSystemPreferences checkLockFile0ErrorCode
2025-01-04 00:01:36,975 [ERROR] LogOutputStream:75 - [STDERR_REDIRECT] WARNING: Could not lock System prefs. Unix error code 2.
2025-01-04 00:01:36,975 [ERROR] LogOutputStream:75 - [STDERR_REDIRECT] 
2025-01-04 00:01:36,976 [ERROR] LogOutputStream:75 - [STDERR_REDIRECT] Jan 04, 2025 12:01:36 AM java.util.prefs.FileSystemPreferences syncWorld
2025-01-04 00:01:36,976 [ERROR] LogOutputStream:75 - [STDERR_REDIRECT] WARNING: Couldn't flush system prefs: java.util.prefs.BackingStoreException: Couldn't get file lock.
2025-01-04 00:01:36,976 [ERROR] LogOutputStream:75 - [STDERR_REDIRECT] 
2025-01-04 00:02:06,974 [ERROR] LogOutputStream:75 - [STDERR_REDIRECT] Jan 04, 2025 12:02:06 AM java.util.prefs.FileSystemPreferences checkLockFile0ErrorCode
2025-01-04 00:02:06,974 [ERROR] LogOutputStream:75 - [STDERR_REDIRECT] WARNING: Could not lock System prefs. Unix error code 2.
2025-01-04 00:02:06,974 [ERROR] LogOutputStream:75 - [STDERR_REDIRECT] 
2025-01-04 00:02:06,974 [ERROR] LogOutputStream:75 - [STDERR_REDIRECT] Jan 04, 2025 12:02:06 AM java.util.prefs.FileSystemPreferences syncWorld
2025-01-04 00:02:06,974 [ERROR] LogOutputStream:75 - [STDERR_REDIRECT] WARNING: Couldn't flush system prefs: java.util.prefs.BackingStoreException: Couldn't get file lock.
2025-01-04 00:02:06,974 [ERROR] LogOutputStream:75 - [STDERR_REDIRECT] 
2025-01-04 00:02:36,975 [ERROR] LogOutputStream:75 - [STDERR_REDIRECT] Jan 04, 2025 12:02:36 AM java.util.prefs.FileSystemPreferences checkLockFile0ErrorCode
2025-01-04 00:02:36,975 [ERROR] LogOutputStream:75 - [STDERR_REDIRECT] WARNING: Could not lock System prefs. Unix error code 2.
2025-01-04 00:02:36,975 [ERROR] LogOutputStream:75 - [STDERR_REDIRECT] 
2025-01-04 00:02:36,975 [ERROR] LogOutputStream:75 - [STDERR_REDIRECT] Jan 04, 2025 12:02:36 AM java.util.prefs.FileSystemPreferences syncWorld
2025-01-04 00:02:36,975 [ERROR] LogOutputStream:75 - [STDERR_REDIRECT] WARNING: Couldn't flush system prefs: java.util.prefs.BackingStoreException: Couldn't get file lock.
2025-01-04 00:02:36,975 [ERROR] LogOutputStream:75 - [STDERR_REDIRECT] 
2025-01-04 00:03:06,975 [ERROR] LogOutputStream:75 - [STDERR_REDIRECT] Jan 04, 2025 12:03:06 AM java.util.prefs.FileSystemPreferences checkLockFile0ErrorCode
2025-01-04 00:03:06,975 [ERROR] LogOutputStream:75 - [STDERR_REDIRECT] WARNING: Could not lock System prefs. Unix error code 2.
2025-01-04 00:03:06,975 [ERROR] LogOutputStream:75 - [STDERR_REDIRECT] 
2025-01-04 00:03:06,976 [ERROR] LogOutputStream:75 - [STDERR_REDIRECT] Jan 04, 2025 12:03:06 AM java.util.prefs.FileSystemPreferences syncWorld
2025-01-04 00:03:06,976 [ERROR] LogOutputStream:75 - [STDERR_REDIRECT] WARNING: Couldn't flush system prefs: java.util.prefs.BackingStoreException: Couldn't get file lock.
2025-01-04 00:03:06,976 [ERROR] LogOutputStream:75 - [STDERR_REDIRECT] 
2025-01-04 00:03:36,975 [ERROR] LogOutputStream:75 - [STDERR_REDIRECT] Jan 04, 2025 12:03:36 AM java.util.prefs.FileSystemPreferences checkLockFile0ErrorCode
2025-01-04 00:03:36,975 [ERROR] LogOutputStream:75 - [STDERR_REDIRECT] WARNING: Could not lock System prefs. Unix error code 2.
2025-01-04 00:03:36,976 [ERROR] LogOutputStream:75 - [STDERR_REDIRECT] 
2025-01-04 00:03:36,977 [ERROR] LogOutputStream:75 - [STDERR_REDIRECT] Jan 04, 2025 12:03:36 AM java.util.prefs.FileSystemPreferences syncWorld
2025-01-04 00:03:36,977 [ERROR] LogOutputStream:75 - [STDERR_REDIRECT] WARNING: Couldn't flush system prefs: java.util.prefs.BackingStoreException: Couldn't get file lock.
2025-01-04 00:03:36,978 [ERROR] LogOutputStream:75 - [STDERR_REDIRECT] 
2025-01-04 00:04:06,976 [ERROR] LogOutputStream:75 - [STDERR_REDIRECT] Jan 04, 2025 12:04:06 AM java.util.prefs.FileSystemPreferences checkLockFile0ErrorCode
2025-01-04 00:04:06,976 [ERROR] LogOutputStream:75 - [STDERR_REDIRECT] WARNING: Could not lock System prefs. Unix error code 2.
2025-01-04 00:04:06,977 [ERROR] LogOutputStream:75 - [STDERR_REDIRECT] 
2025-01-04 00:04:06,978 [ERROR] LogOutputStream:75 - [STDERR_REDIRECT] Jan 04, 2025 12:04:06 AM java.util.prefs.FileSystemPreferences syncWorld
2025-01-04 00:04:06,978 [ERROR] LogOutputStream:75 - [STDERR_REDIRECT] WARNING: Couldn't flush system prefs: java.util.prefs.BackingStoreException: Couldn't get file lock.
2025-01-04 00:04:06,978 [ERROR] LogOutputStream:75 - [STDERR_REDIRECT] 
2025-01-04 00:04:36,976 [ERROR] LogOutputStream:75 - [STDERR_REDIRECT] Jan 04, 2025 12:04:36 AM java.util.prefs.FileSystemPreferences checkLockFile0ErrorCode
2025-01-04 00:04:36,977 [ERROR] LogOutputStream:75 - [STDERR_REDIRECT] WARNING: Could not lock System prefs. Unix error code 2.
2025-01-04 00:04:36,977 [ERROR] LogOutputStream:75 - [STDERR_REDIRECT] 
2025-01-04 00:04:36,977 [ERROR] LogOutputStream:75 - [STDERR_REDIRECT] Jan 04, 2025 12:04:36 AM java.util.prefs.FileSystemPreferences syncWorld
2025-01-04 00:04:36,977 [ERROR] LogOutputStream:75 - [STDERR_REDIRECT] WARNING: Couldn't flush system prefs: java.util.prefs.BackingStoreException: Couldn't get file lock.
2025-01-04 00:04:36,977 [ERROR] LogOutputStream:75 - [STDERR_REDIRECT] 
2025-01-04 00:05:06,977 [ERROR] LogOutputStream:75 - [STDERR_REDIRECT] Jan 04, 2025 12:05:06 AM java.util.prefs.FileSystemPreferences checkLockFile0ErrorCode
2025-01-04 00:05:06,977 [ERROR] LogOutputStream:75 - [STDERR_REDIRECT] WARNING: Could not lock System prefs. Unix error code 2.
2025-01-04 00:05:06,978 [ERROR] LogOutputStream:75 - [STDERR_REDIRECT] 
2025-01-04 00:05:06,978 [ERROR] LogOutputStream:75 - [STDERR_REDIRECT] Jan 04, 2025 12:05:06 AM java.util.prefs.FileSystemPreferences syncWorld
2025-01-04 00:05:06,979 [ERROR] LogOutputStream:75 - [STDERR_REDIRECT] WARNING: Couldn't flush system prefs: java.util.prefs.BackingStoreException: Couldn't get file lock.
2025-01-04 00:05:06,979 [ERROR] LogOutputStream:75 - [STDERR_REDIRECT] 
2025-01-04 00:05:36,977 [ERROR] LogOutputStream:75 - [STDERR_REDIRECT] Jan 04, 2025 12:05:36 AM java.util.prefs.FileSystemPreferences checkLockFile0ErrorCode
2025-01-04 00:05:36,977 [ERROR] LogOutputStream:75 - [STDERR_REDIRECT] WARNING: Could not lock System prefs. Unix error code 2.
2025-01-04 00:05:36,977 [ERROR] LogOutputStream:75 - [STDERR_REDIRECT] 
2025-01-04 00:05:36,978 [ERROR] LogOutputStream:75 - [STDERR_REDIRECT] Jan 04, 2025 12:05:36 AM java.util.prefs.FileSystemPreferences syncWorld
2025-01-04 00:05:36,979 [ERROR] LogOutputStream:75 - [STDERR_REDIRECT] WARNING: Couldn't flush system prefs: java.util.prefs.BackingStoreException: Couldn't get file lock.
2025-01-04 00:05:36,979 [ERROR] LogOutputStream:75 - [STDERR_REDIRECT] 
2025-01-04 00:06:06,975 [ERROR] LogOutputStream:75 - [STDERR_REDIRECT] Jan 04, 2025 12:06:06 AM java.util.prefs.FileSystemPreferences checkLockFile0ErrorCode
2025-01-04 00:06:06,975 [ERROR] LogOutputStream:75 - [STDERR_REDIRECT] WARNING: Could not lock System prefs. Unix error code 2.
2025-01-04 00:06:06,976 [ERROR] LogOutputStream:75 - [STDERR_REDIRECT] 
2025-01-04 00:06:06,976 [ERROR] LogOutputStream:75 - [STDERR_REDIRECT] Jan 04, 2025 12:06:06 AM java.util.prefs.FileSystemPreferences syncWorld
2025-01-04 00:06:06,976 [ERROR] LogOutputStream:75 - [STDERR_REDIRECT] WARNING: Couldn't flush system prefs: java.util.prefs.BackingStoreException: Couldn't get file lock.
2025-01-04 00:06:06,976 [ERROR] LogOutputStream:75 - [STDERR_REDIRECT] 
2025-01-04 00:06:36,976 [ERROR] LogOutputStream:75 - [STDERR_REDIRECT] Jan 04, 2025 12:06:36 AM java.util.prefs.FileSystemPreferences checkLockFile0ErrorCode
2025-01-04 00:06:36,976 [ERROR] LogOutputStream:75 - [STDERR_REDIRECT] WARNING: Could not lock System prefs. Unix error code 2.
2025-01-04 00:06:36,977 [ERROR] LogOutputStream:75 - [STDERR_REDIRECT] 
2025-01-04 00:06:36,977 [ERROR] LogOutputStream:75 - [STDERR_REDIRECT] Jan 04, 2025 12:06:36 AM java.util.prefs.FileSystemPreferences syncWorld
2025-01-04 00:06:36,978 [ERROR] LogOutputStream:75 - [STDERR_REDIRECT] WARNING: Couldn't flush system prefs: java.util.prefs.BackingStoreException: Couldn't get file lock.
2025-01-04 00:06:36,978 [ERROR] LogOutputStream:75 - [STDERR_REDIRECT] 
2025-01-04 00:07:06,976 [ERROR] LogOutputStream:75 - [STDERR_REDIRECT] Jan 04, 2025 12:07:06 AM java.util.prefs.FileSystemPreferences checkLockFile0ErrorCode
2025-01-04 00:07:06,976 [ERROR] LogOutputStream:75 - [STDERR_REDIRECT] WARNING: Could not lock System prefs. Unix error code 2.
2025-01-04 00:07:06,976 [ERROR] LogOutputStream:75 - [STDERR_REDIRECT] 
2025-01-04 00:07:06,977 [ERROR] LogOutputStream:75 - [STDERR_REDIRECT] Jan 04, 2025 12:07:06 AM java.util.prefs.FileSystemPreferences syncWorld
2025-01-04 00:07:06,977 [ERROR] LogOutputStream:75 - [STDERR_REDIRECT] WARNING: Couldn't flush system prefs: java.util.prefs.BackingStoreException: Couldn't get file lock.
2025-01-04 00:07:06,977 [ERROR] LogOutputStream:75 - [STDERR_REDIRECT] 
2025-01-04 00:07:36,975 [ERROR] LogOutputStream:75 - [STDERR_REDIRECT] Jan 04, 2025 12:07:36 AM java.util.prefs.FileSystemPreferences checkLockFile0ErrorCode
2025-01-04 00:07:36,976 [ERROR] LogOutputStream:75 - [STDERR_REDIRECT] WARNING: Could not lock System prefs. Unix error code 2.
2025-01-04 00:07:36,976 [ERROR] LogOutputStream:75 - [STDERR_REDIRECT] 
2025-01-04 00:07:36,976 [ERROR] LogOutputStream:75 - [STDERR_REDIRECT] Jan 04, 2025 12:07:36 AM java.util.prefs.FileSystemPreferences syncWorld
2025-01-04 00:07:36,976 [ERROR] LogOutputStream:75 - [STDERR_REDIRECT] WARNING: Couldn't flush system prefs: java.util.prefs.BackingStoreException: Couldn't get file lock.
2025-01-04 00:07:36,976 [ERROR] LogOutputStream:75 - [STDERR_REDIRECT] 
2025-01-04 00:08:06,977 [ERROR] LogOutputStream:75 - [STDERR_REDIRECT] Jan 04, 2025 12:08:06 AM java.util.prefs.FileSystemPreferences checkLockFile0ErrorCode
2025-01-04 00:08:06,978 [ERROR] LogOutputStream:75 - [STDERR_REDIRECT] WARNING: Could not lock System prefs. Unix error code 2.
2025-01-04 00:08:06,978 [ERROR] LogOutputStream:75 - [STDERR_REDIRECT] 
2025-01-04 00:08:06,979 [ERROR] LogOutputStream:75 - [STDERR_REDIRECT] Jan 04, 2025 12:08:06 AM java.util.prefs.FileSystemPreferences syncWorld
2025-01-04 00:08:06,979 [ERROR] LogOutputStream:75 - [STDERR_REDIRECT] WARNING: Couldn't flush system prefs: java.util.prefs.BackingStoreException: Couldn't get file lock.
2025-01-04 00:08:06,979 [ERROR] LogOutputStream:75 - [STDERR_REDIRECT] 
2025-01-04 00:08:36,976 [ERROR] LogOutputStream:75 - [STDERR_REDIRECT] Jan 04, 2025 12:08:36 AM java.util.prefs.FileSystemPreferences checkLockFile0ErrorCode
2025-01-04 00:08:36,977 [ERROR] LogOutputStream:75 - [STDERR_REDIRECT] WARNING: Could not lock System prefs. Unix error code 2.
2025-01-04 00:08:36,977 [ERROR] LogOutputStream:75 - [STDERR_REDIRECT] 
2025-01-04 00:08:36,977 [ERROR] LogOutputStream:75 - [STDERR_REDIRECT] Jan 04, 2025 12:08:36 AM java.util.prefs.FileSystemPreferences syncWorld
2025-01-04 00:08:36,978 [ERROR] LogOutputStream:75 - [STDERR_REDIRECT] WARNING: Couldn't flush system prefs: java.util.prefs.BackingStoreException: Couldn't get file lock.
2025-01-04 00:08:36,978 [ERROR] LogOutputStream:75 - [STDERR_REDIRECT] 
2025-01-04 00:09:06,976 [ERROR] LogOutputStream:75 - [STDERR_REDIRECT] Jan 04, 2025 12:09:06 AM java.util.prefs.FileSystemPreferences checkLockFile0ErrorCode
2025-01-04 00:09:06,976 [ERROR] LogOutputStream:75 - [STDERR_REDIRECT] WARNING: Could not lock System prefs. Unix error code 2.
2025-01-04 00:09:06,976 [ERROR] LogOutputStream:75 - [STDERR_REDIRECT] 
2025-01-04 00:09:06,977 [ERROR] LogOutputStream:75 - [STDERR_REDIRECT] Jan 04, 2025 12:09:06 AM java.util.prefs.FileSystemPreferences syncWorld
2025-01-04 00:09:06,977 [ERROR] LogOutputStream:75 - [STDERR_REDIRECT] WARNING: Couldn't flush system prefs: java.util.prefs.BackingStoreException: Couldn't get file lock.
2025-01-04 00:09:06,977 [ERROR] LogOutputStream:75 - [STDERR_REDIRECT] 
2025-01-04 00:09:36,977 [ERROR] LogOutputStream:75 - [STDERR_REDIRECT] Jan 04, 2025 12:09:36 AM java.util.prefs.FileSystemPreferences checkLockFile0ErrorCode
2025-01-04 00:09:36,977 [ERROR] LogOutputStream:75 - [STDERR_REDIRECT] WARNING: Could not lock System prefs. Unix error code 2.
2025-01-04 00:09:36,978 [ERROR] LogOutputStream:75 - [STDERR_REDIRECT] 
2025-01-04 00:09:36,978 [ERROR] LogOutputStream:75 - [STDERR_REDIRECT] Jan 04, 2025 12:09:36 AM java.util.prefs.FileSystemPreferences syncWorld
2025-01-04 00:09:36,979 [ERROR] LogOutputStream:75 - [STDERR_REDIRECT] WARNING: Couldn't flush system prefs: java.util.prefs.BackingStoreException: Couldn't get file lock.
2025-01-04 00:09:36,979 [ERROR] LogOutputStream:75 - [STDERR_REDIRECT] 
2025-01-04 00:10:06,977 [ERROR] LogOutputStream:75 - [STDERR_REDIRECT] Jan 04, 2025 12:10:06 AM java.util.prefs.FileSystemPreferences checkLockFile0ErrorCode
2025-01-04 00:10:06,978 [ERROR] LogOutputStream:75 - [STDERR_REDIRECT] WARNING: Could not lock System prefs. Unix error code 2.
2025-01-04 00:10:06,978 [ERROR] LogOutputStream:75 - [STDERR_REDIRECT] 
2025-01-04 00:10:06,978 [ERROR] LogOutputStream:75 - [STDERR_REDIRECT] Jan 04, 2025 12:10:06 AM java.util.prefs.FileSystemPreferences syncWorld
2025-01-04 00:10:06,979 [ERROR] LogOutputStream:75 - [STDERR_REDIRECT] WARNING: Couldn't flush system prefs: java.util.prefs.BackingStoreException: Couldn't get file lock.
2025-01-04 00:10:06,979 [ERROR] LogOutputStream:75 - [STDERR_REDIRECT] 
2025-01-04 00:10:36,977 [ERROR] LogOutputStream:75 - [STDERR_REDIRECT] Jan 04, 2025 12:10:36 AM java.util.prefs.FileSystemPreferences checkLockFile0ErrorCode
2025-01-04 00:10:36,977 [ERROR] LogOutputStream:75 - [STDERR_REDIRECT] WARNING: Could not lock System prefs. Unix error code 2.
2025-01-04 00:10:36,977 [ERROR] LogOutputStream:75 - [STDERR_REDIRECT] 
2025-01-04 00:10:36,977 [ERROR] LogOutputStream:75 - [STDERR_REDIRECT] Jan 04, 2025 12:10:36 AM java.util.prefs.FileSystemPreferences syncWorld
2025-01-04 00:10:36,977 [ERROR] LogOutputStream:75 - [STDERR_REDIRECT] WARNING: Couldn't flush system prefs: java.util.prefs.BackingStoreException: Couldn't get file lock.
2025-01-04 00:10:36,977 [ERROR] LogOutputStream:75 - [STDERR_REDIRECT] 
2025-01-04 00:11:06,978 [ERROR] LogOutputStream:75 - [STDERR_REDIRECT] Jan 04, 2025 12:11:06 AM java.util.prefs.FileSystemPreferences checkLockFile0ErrorCode
2025-01-04 00:11:06,978 [ERROR] LogOutputStream:75 - [STDERR_REDIRECT] WARNING: Could not lock System prefs. Unix error code 2.
2025-01-04 00:11:06,978 [ERROR] LogOutputStream:75 - [STDERR_REDIRECT] 
2025-01-04 00:11:06,979 [ERROR] LogOutputStream:75 - [STDERR_REDIRECT] Jan 04, 2025 12:11:06 AM java.util.prefs.FileSystemPreferences syncWorld
2025-01-04 00:11:06,979 [ERROR] LogOutputStream:75 - [STDERR_REDIRECT] WARNING: Couldn't flush system prefs: java.util.prefs.BackingStoreException: Couldn't get file lock.
2025-01-04 00:11:06,979 [ERROR] LogOutputStream:75 - [STDERR_REDIRECT] 
2025-01-04 00:11:36,977 [ERROR] LogOutputStream:75 - [STDERR_REDIRECT] Jan 04, 2025 12:11:36 AM java.util.prefs.FileSystemPreferences checkLockFile0ErrorCode
2025-01-04 00:11:36,977 [ERROR] LogOutputStream:75 - [STDERR_REDIRECT] WARNING: Could not lock System prefs. Unix error code 2.
2025-01-04 00:11:36,977 [ERROR] LogOutputStream:75 - [STDERR_REDIRECT] 
2025-01-04 00:11:36,978 [ERROR] LogOutputStream:75 - [STDERR_REDIRECT] Jan 04, 2025 12:11:36 AM java.util.prefs.FileSystemPreferences syncWorld
2025-01-04 00:11:36,978 [ERROR] LogOutputStream:75 - [STDERR_REDIRECT] WARNING: Couldn't flush system prefs: java.util.prefs.BackingStoreException: Couldn't get file lock.
2025-01-04 00:11:36,978 [ERROR] LogOutputStream:75 - [STDERR_REDIRECT] 
2025-01-04 00:12:06,978 [ERROR] LogOutputStream:75 - [STDERR_REDIRECT] Jan 04, 2025 12:12:06 AM java.util.prefs.FileSystemPreferences checkLockFile0ErrorCode
2025-01-04 00:12:06,979 [ERROR] LogOutputStream:75 - [STDERR_REDIRECT] WARNING: Could not lock System prefs. Unix error code 2.
2025-01-04 00:12:06,979 [ERROR] LogOutputStream:75 - [STDERR_REDIRECT] 
2025-01-04 00:12:06,979 [ERROR] LogOutputStream:75 - [STDERR_REDIRECT] Jan 04, 2025 12:12:06 AM java.util.prefs.FileSystemPreferences syncWorld
2025-01-04 00:12:06,980 [ERROR] LogOutputStream:75 - [STDERR_REDIRECT] WARNING: Couldn't flush system prefs: java.util.prefs.BackingStoreException: Couldn't get file lock.
2025-01-04 00:12:06,980 [ERROR] LogOutputStream:75 - [STDERR_REDIRECT] 
2025-01-04 00:12:36,977 [ERROR] LogOutputStream:75 - [STDERR_REDIRECT] Jan 04, 2025 12:12:36 AM java.util.prefs.FileSystemPreferences checkLockFile0ErrorCode
2025-01-04 00:12:36,977 [ERROR] LogOutputStream:75 - [STDERR_REDIRECT] WARNING: Could not lock System prefs. Unix error code 2.
2025-01-04 00:12:36,977 [ERROR] LogOutputStream:75 - [STDERR_REDIRECT] 
2025-01-04 00:12:36,977 [ERROR] LogOutputStream:75 - [STDERR_REDIRECT] Jan 04, 2025 12:12:36 AM java.util.prefs.FileSystemPreferences syncWorld
2025-01-04 00:12:36,977 [ERROR] LogOutputStream:75 - [STDERR_REDIRECT] WARNING: Couldn't flush system prefs: java.util.prefs.BackingStoreException: Couldn't get file lock.
2025-01-04 00:12:36,977 [ERROR] LogOutputStream:75 - [STDERR_REDIRECT] 
2025-01-04 00:13:06,979 [ERROR] LogOutputStream:75 - [STDERR_REDIRECT] Jan 04, 2025 12:13:06 AM java.util.prefs.FileSystemPreferences checkLockFile0ErrorCode
2025-01-04 00:13:06,979 [ERROR] LogOutputStream:75 - [STDERR_REDIRECT] WARNING: Could not lock System prefs. Unix error code 2.
2025-01-04 00:13:06,979 [ERROR] LogOutputStream:75 - [STDERR_REDIRECT] 
2025-01-04 00:13:06,980 [ERROR] LogOutputStream:75 - [STDERR_REDIRECT] Jan 04, 2025 12:13:06 AM java.util.prefs.FileSystemPreferences syncWorld
2025-01-04 00:13:06,980 [ERROR] LogOutputStream:75 - [STDERR_REDIRECT] WARNING: Couldn't flush system prefs: java.util.prefs.BackingStoreException: Couldn't get file lock.
2025-01-04 00:13:06,980 [ERROR] LogOutputStream:75 - [STDERR_REDIRECT] 
2025-01-04 00:13:36,978 [ERROR] LogOutputStream:75 - [STDERR_REDIRECT] Jan 04, 2025 12:13:36 AM java.util.prefs.FileSystemPreferences checkLockFile0ErrorCode
2025-01-04 00:13:36,979 [ERROR] LogOutputStream:75 - [STDERR_REDIRECT] WARNING: Could not lock System prefs. Unix error code 2.
2025-01-04 00:13:36,979 [ERROR] LogOutputStream:75 - [STDERR_REDIRECT] 
2025-01-04 00:13:36,979 [ERROR] LogOutputStream:75 - [STDERR_REDIRECT] Jan 04, 2025 12:13:36 AM java.util.prefs.FileSystemPreferences syncWorld
2025-01-04 00:13:36,980 [ERROR] LogOutputStream:75 - [STDERR_REDIRECT] WARNING: Couldn't flush system prefs: java.util.prefs.BackingStoreException: Couldn't get file lock.
2025-01-04 00:13:36,980 [ERROR] LogOutputStream:75 - [STDERR_REDIRECT] 
2025-01-04 00:14:06,978 [ERROR] LogOutputStream:75 - [STDERR_REDIRECT] Jan 04, 2025 12:14:06 AM java.util.prefs.FileSystemPreferences checkLockFile0ErrorCode
2025-01-04 00:14:06,979 [ERROR] LogOutputStream:75 - [STDERR_REDIRECT] WARNING: Could not lock System prefs. Unix error code 2.
2025-01-04 00:14:06,979 [ERROR] LogOutputStream:75 - [STDERR_REDIRECT] 
2025-01-04 00:14:06,979 [ERROR] LogOutputStream:75 - [STDERR_REDIRECT] Jan 04, 2025 12:14:06 AM java.util.prefs.FileSystemPreferences syncWorld
2025-01-04 00:14:06,980 [ERROR] LogOutputStream:75 - [STDERR_REDIRECT] WARNING: Couldn't flush system prefs: java.util.prefs.BackingStoreException: Couldn't get file lock.
2025-01-04 00:14:06,980 [ERROR] LogOutputStream:75 - [STDERR_REDIRECT] 
2025-01-04 00:14:36,977 [ERROR] LogOutputStream:75 - [STDERR_REDIRECT] Jan 04, 2025 12:14:36 AM java.util.prefs.FileSystemPreferences checkLockFile0ErrorCode
2025-01-04 00:14:36,977 [ERROR] LogOutputStream:75 - [STDERR_REDIRECT] WARNING: Could not lock System prefs. Unix error code 2.
2025-01-04 00:14:36,977 [ERROR] LogOutputStream:75 - [STDERR_REDIRECT] 
2025-01-04 00:14:36,978 [ERROR] LogOutputStream:75 - [STDERR_REDIRECT] Jan 04, 2025 12:14:36 AM java.util.prefs.FileSystemPreferences syncWorld
2025-01-04 00:14:36,978 [ERROR] LogOutputStream:75 - [STDERR_REDIRECT] WARNING: Couldn't flush system prefs: java.util.prefs.BackingStoreException: Couldn't get file lock.
2025-01-04 00:14:36,978 [ERROR] LogOutputStream:75 - [STDERR_REDIRECT] 
2025-01-04 00:15:06,977 [ERROR] LogOutputStream:75 - [STDERR_REDIRECT] Jan 04, 2025 12:15:06 AM java.util.prefs.FileSystemPreferences checkLockFile0ErrorCode
2025-01-04 00:15:06,977 [ERROR] LogOutputStream:75 - [STDERR_REDIRECT] WARNING: Could not lock System prefs. Unix error code 2.
2025-01-04 00:15:06,978 [ERROR] LogOutputStream:75 - [STDERR_REDIRECT] 
2025-01-04 00:15:06,978 [ERROR] LogOutputStream:75 - [STDERR_REDIRECT] Jan 04, 2025 12:15:06 AM java.util.prefs.FileSystemPreferences syncWorld
2025-01-04 00:15:06,978 [ERROR] LogOutputStream:75 - [STDERR_REDIRECT] WARNING: Couldn't flush system prefs: java.util.prefs.BackingStoreException: Couldn't get file lock.
2025-01-04 00:15:06,978 [ERROR] LogOutputStream:75 - [STDERR_REDIRECT] 
2025-01-04 00:15:36,978 [ERROR] LogOutputStream:75 - [STDERR_REDIRECT] Jan 04, 2025 12:15:36 AM java.util.prefs.FileSystemPreferences checkLockFile0ErrorCode
2025-01-04 00:15:36,978 [ERROR] LogOutputStream:75 - [STDERR_REDIRECT] WARNING: Could not lock System prefs. Unix error code 2.
2025-01-04 00:15:36,978 [ERROR] LogOutputStream:75 - [STDERR_REDIRECT] 
2025-01-04 00:15:36,978 [ERROR] LogOutputStream:75 - [STDERR_REDIRECT] Jan 04, 2025 12:15:36 AM java.util.prefs.FileSystemPreferences syncWorld
2025-01-04 00:15:36,978 [ERROR] LogOutputStream:75 - [STDERR_REDIRECT] WARNING: Couldn't flush system prefs: java.util.prefs.BackingStoreException: Couldn't get file lock.
2025-01-04 00:15:36,978 [ERROR] LogOutputStream:75 - [STDERR_REDIRECT] 
2025-01-04 00:16:06,979 [ERROR] LogOutputStream:75 - [STDERR_REDIRECT] Jan 04, 2025 12:16:06 AM java.util.prefs.FileSystemPreferences checkLockFile0ErrorCode
2025-01-04 00:16:06,979 [ERROR] LogOutputStream:75 - [STDERR_REDIRECT] WARNING: Could not lock System prefs. Unix error code 2.
2025-01-04 00:16:06,979 [ERROR] LogOutputStream:75 - [STDERR_REDIRECT] 
2025-01-04 00:16:06,980 [ERROR] LogOutputStream:75 - [STDERR_REDIRECT] Jan 04, 2025 12:16:06 AM java.util.prefs.FileSystemPreferences syncWorld
2025-01-04 00:16:06,980 [ERROR] LogOutputStream:75 - [STDERR_REDIRECT] WARNING: Couldn't flush system prefs: java.util.prefs.BackingStoreException: Couldn't get file lock.
2025-01-04 00:16:06,980 [ERROR] LogOutputStream:75 - [STDERR_REDIRECT] 
2025-01-04 00:16:36,979 [ERROR] LogOutputStream:75 - [STDERR_REDIRECT] Jan 04, 2025 12:16:36 AM java.util.prefs.FileSystemPreferences checkLockFile0ErrorCode
2025-01-04 00:16:36,979 [ERROR] LogOutputStream:75 - [STDERR_REDIRECT] WARNING: Could not lock System prefs. Unix error code 2.
2025-01-04 00:16:36,979 [ERROR] LogOutputStream:75 - [STDERR_REDIRECT] 
2025-01-04 00:16:36,980 [ERROR] LogOutputStream:75 - [STDERR_REDIRECT] Jan 04, 2025 12:16:36 AM java.util.prefs.FileSystemPreferences syncWorld
2025-01-04 00:16:36,980 [ERROR] LogOutputStream:75 - [STDERR_REDIRECT] WARNING: Couldn't flush system prefs: java.util.prefs.BackingStoreException: Couldn't get file lock.
2025-01-04 00:16:36,980 [ERROR] LogOutputStream:75 - [STDERR_REDIRECT] 
2025-01-04 00:17:06,979 [ERROR] LogOutputStream:75 - [STDERR_REDIRECT] Jan 04, 2025 12:17:06 AM java.util.prefs.FileSystemPreferences checkLockFile0ErrorCode
2025-01-04 00:17:06,979 [ERROR] LogOutputStream:75 - [STDERR_REDIRECT] WARNING: Could not lock System prefs. Unix error code 2.
2025-01-04 00:17:06,979 [ERROR] LogOutputStream:75 - [STDERR_REDIRECT] 
2025-01-04 00:17:06,980 [ERROR] LogOutputStream:75 - [STDERR_REDIRECT] Jan 04, 2025 12:17:06 AM java.util.prefs.FileSystemPreferences syncWorld
2025-01-04 00:17:06,980 [ERROR] LogOutputStream:75 - [STDERR_REDIRECT] WARNING: Couldn't flush system prefs: java.util.prefs.BackingStoreException: Couldn't get file lock.
2025-01-04 00:17:06,980 [ERROR] LogOutputStream:75 - [STDERR_REDIRECT] 
2025-01-04 00:17:36,978 [ERROR] LogOutputStream:75 - [STDERR_REDIRECT] Jan 04, 2025 12:17:36 AM java.util.prefs.FileSystemPreferences checkLockFile0ErrorCode
2025-01-04 00:17:36,978 [ERROR] LogOutputStream:75 - [STDERR_REDIRECT] WARNING: Could not lock System prefs. Unix error code 2.
2025-01-04 00:17:36,978 [ERROR] LogOutputStream:75 - [STDERR_REDIRECT] 
2025-01-04 00:17:36,978 [ERROR] LogOutputStream:75 - [STDERR_REDIRECT] Jan 04, 2025 12:17:36 AM java.util.prefs.FileSystemPreferences syncWorld
2025-01-04 00:17:36,978 [ERROR] LogOutputStream:75 - [STDERR_REDIRECT] WARNING: Couldn't flush system prefs: java.util.prefs.BackingStoreException: Couldn't get file lock.
2025-01-04 00:17:36,979 [ERROR] LogOutputStream:75 - [STDERR_REDIRECT] 
2025-01-04 00:18:06,978 [ERROR] LogOutputStream:75 - [STDERR_REDIRECT] Jan 04, 2025 12:18:06 AM java.util.prefs.FileSystemPreferences checkLockFile0ErrorCode
2025-01-04 00:18:06,978 [ERROR] LogOutputStream:75 - [STDERR_REDIRECT] WARNING: Could not lock System prefs. Unix error code 2.
2025-01-04 00:18:06,978 [ERROR] LogOutputStream:75 - [STDERR_REDIRECT] 
2025-01-04 00:18:06,979 [ERROR] LogOutputStream:75 - [STDERR_REDIRECT] Jan 04, 2025 12:18:06 AM java.util.prefs.FileSystemPreferences syncWorld
2025-01-04 00:18:06,979 [ERROR] LogOutputStream:75 - [STDERR_REDIRECT] WARNING: Couldn't flush system prefs: java.util.prefs.BackingStoreException: Couldn't get file lock.
2025-01-04 00:18:06,979 [ERROR] LogOutputStream:75 - [STDERR_REDIRECT] 
2025-01-04 00:18:36,979 [ERROR] LogOutputStream:75 - [STDERR_REDIRECT] Jan 04, 2025 12:18:36 AM java.util.prefs.FileSystemPreferences checkLockFile0ErrorCode
2025-01-04 00:18:36,979 [ERROR] LogOutputStream:75 - [STDERR_REDIRECT] WARNING: Could not lock System prefs. Unix error code 2.
2025-01-04 00:18:36,979 [ERROR] LogOutputStream:75 - [STDERR_REDIRECT] 
2025-01-04 00:18:36,980 [ERROR] LogOutputStream:75 - [STDERR_REDIRECT] Jan 04, 2025 12:18:36 AM java.util.prefs.FileSystemPreferences syncWorld
2025-01-04 00:18:36,980 [ERROR] LogOutputStream:75 - [STDERR_REDIRECT] WARNING: Couldn't flush system prefs: java.util.prefs.BackingStoreException: Couldn't get file lock.
2025-01-04 00:18:36,980 [ERROR] LogOutputStream:75 - [STDERR_REDIRECT] 
2025-01-04 00:19:06,979 [ERROR] LogOutputStream:75 - [STDERR_REDIRECT] Jan 04, 2025 12:19:06 AM java.util.prefs.FileSystemPreferences checkLockFile0ErrorCode
2025-01-04 00:19:06,979 [ERROR] LogOutputStream:75 - [STDERR_REDIRECT] WARNING: Could not lock System prefs. Unix error code 2.
2025-01-04 00:19:06,980 [ERROR] LogOutputStream:75 - [STDERR_REDIRECT] 
2025-01-04 00:19:06,980 [ERROR] LogOutputStream:75 - [STDERR_REDIRECT] Jan 04, 2025 12:19:06 AM java.util.prefs.FileSystemPreferences syncWorld
2025-01-04 00:19:06,981 [ERROR] LogOutputStream:75 - [STDERR_REDIRECT] WARNING: Couldn't flush system prefs: java.util.prefs.BackingStoreException: Couldn't get file lock.
2025-01-04 00:19:06,981 [ERROR] LogOutputStream:75 - [STDERR_REDIRECT] 
2025-01-04 00:19:36,979 [ERROR] LogOutputStream:75 - [STDERR_REDIRECT] Jan 04, 2025 12:19:36 AM java.util.prefs.FileSystemPreferences checkLockFile0ErrorCode
2025-01-04 00:19:36,979 [ERROR] LogOutputStream:75 - [STDERR_REDIRECT] WARNING: Could not lock System prefs. Unix error code 2.
2025-01-04 00:19:36,979 [ERROR] LogOutputStream:75 - [STDERR_REDIRECT] 
2025-01-04 00:19:36,979 [ERROR] LogOutputStream:75 - [STDERR_REDIRECT] Jan 04, 2025 12:19:36 AM java.util.prefs.FileSystemPreferences syncWorld
2025-01-04 00:19:36,979 [ERROR] LogOutputStream:75 - [STDERR_REDIRECT] WARNING: Couldn't flush system prefs: java.util.prefs.BackingStoreException: Couldn't get file lock.
2025-01-04 00:19:36,979 [ERROR] LogOutputStream:75 - [STDERR_REDIRECT] 
2025-01-04 00:20:06,979 [ERROR] LogOutputStream:75 - [STDERR_REDIRECT] Jan 04, 2025 12:20:06 AM java.util.prefs.FileSystemPreferences checkLockFile0ErrorCode
2025-01-04 00:20:06,980 [ERROR] LogOutputStream:75 - [STDERR_REDIRECT] WARNING: Could not lock System prefs. Unix error code 2.
2025-01-04 00:20:06,980 [ERROR] LogOutputStream:75 - [STDERR_REDIRECT] 
2025-01-04 00:20:06,980 [ERROR] LogOutputStream:75 - [STDERR_REDIRECT] Jan 04, 2025 12:20:06 AM java.util.prefs.FileSystemPreferences syncWorld
2025-01-04 00:20:06,980 [ERROR] LogOutputStream:75 - [STDERR_REDIRECT] WARNING: Couldn't flush system prefs: java.util.prefs.BackingStoreException: Couldn't get file lock.
2025-01-04 00:20:06,981 [ERROR] LogOutputStream:75 - [STDERR_REDIRECT] 
2025-01-04 00:20:36,979 [ERROR] LogOutputStream:75 - [STDERR_REDIRECT] Jan 04, 2025 12:20:36 AM java.util.prefs.FileSystemPreferences checkLockFile0ErrorCode
2025-01-04 00:20:36,979 [ERROR] LogOutputStream:75 - [STDERR_REDIRECT] WARNING: Could not lock System prefs. Unix error code 2.
2025-01-04 00:20:36,979 [ERROR] LogOutputStream:75 - [STDERR_REDIRECT] 
2025-01-04 00:20:36,980 [ERROR] LogOutputStream:75 - [STDERR_REDIRECT] Jan 04, 2025 12:20:36 AM java.util.prefs.FileSystemPreferences syncWorld
2025-01-04 00:20:36,980 [ERROR] LogOutputStream:75 - [STDERR_REDIRECT] WARNING: Couldn't flush system prefs: java.util.prefs.BackingStoreException: Couldn't get file lock.
2025-01-04 00:20:36,980 [ERROR] LogOutputStream:75 - [STDERR_REDIRECT] 
2025-01-04 00:21:06,979 [ERROR] LogOutputStream:75 - [STDERR_REDIRECT] Jan 04, 2025 12:21:06 AM java.util.prefs.FileSystemPreferences checkLockFile0ErrorCode
2025-01-04 00:21:06,979 [ERROR] LogOutputStream:75 - [STDERR_REDIRECT] WARNING: Could not lock System prefs. Unix error code 2.
2025-01-04 00:21:06,979 [ERROR] LogOutputStream:75 - [STDERR_REDIRECT] 
2025-01-04 00:21:06,980 [ERROR] LogOutputStream:75 - [STDERR_REDIRECT] Jan 04, 2025 12:21:06 AM java.util.prefs.FileSystemPreferences syncWorld
2025-01-04 00:21:06,980 [ERROR] LogOutputStream:75 - [STDERR_REDIRECT] WARNING: Couldn't flush system prefs: java.util.prefs.BackingStoreException: Couldn't get file lock.
2025-01-04 00:21:06,980 [ERROR] LogOutputStream:75 - [STDERR_REDIRECT] 
2025-01-04 00:21:36,979 [ERROR] LogOutputStream:75 - [STDERR_REDIRECT] Jan 04, 2025 12:21:36 AM java.util.prefs.FileSystemPreferences checkLockFile0ErrorCode
2025-01-04 00:21:36,980 [ERROR] LogOutputStream:75 - [STDERR_REDIRECT] WARNING: Could not lock System prefs. Unix error code 2.
2025-01-04 00:21:36,980 [ERROR] LogOutputStream:75 - [STDERR_REDIRECT] 
2025-01-04 00:21:36,980 [ERROR] LogOutputStream:75 - [STDERR_REDIRECT] Jan 04, 2025 12:21:36 AM java.util.prefs.FileSystemPreferences syncWorld
2025-01-04 00:21:36,980 [ERROR] LogOutputStream:75 - [STDERR_REDIRECT] WARNING: Couldn't flush system prefs: java.util.prefs.BackingStoreException: Couldn't get file lock.
2025-01-04 00:21:36,980 [ERROR] LogOutputStream:75 - [STDERR_REDIRECT] 
2025-01-04 00:22:06,978 [ERROR] LogOutputStream:75 - [STDERR_REDIRECT] Jan 04, 2025 12:22:06 AM java.util.prefs.FileSystemPreferences checkLockFile0ErrorCode
2025-01-04 00:22:06,978 [ERROR] LogOutputStream:75 - [STDERR_REDIRECT] WARNING: Could not lock System prefs. Unix error code 2.
2025-01-04 00:22:06,978 [ERROR] LogOutputStream:75 - [STDERR_REDIRECT] 
2025-01-04 00:22:06,979 [ERROR] LogOutputStream:75 - [STDERR_REDIRECT] Jan 04, 2025 12:22:06 AM java.util.prefs.FileSystemPreferences syncWorld
2025-01-04 00:22:06,979 [ERROR] LogOutputStream:75 - [STDERR_REDIRECT] WARNING: Couldn't flush system prefs: java.util.prefs.BackingStoreException: Couldn't get file lock.
2025-01-04 00:22:06,979 [ERROR] LogOutputStream:75 - [STDERR_REDIRECT] 
2025-01-04 00:22:36,979 [ERROR] LogOutputStream:75 - [STDERR_REDIRECT] Jan 04, 2025 12:22:36 AM java.util.prefs.FileSystemPreferences checkLockFile0ErrorCode
2025-01-04 00:22:36,979 [ERROR] LogOutputStream:75 - [STDERR_REDIRECT] WARNING: Could not lock System prefs. Unix error code 2.
2025-01-04 00:22:36,979 [ERROR] LogOutputStream:75 - [STDERR_REDIRECT] 
2025-01-04 00:22:36,979 [ERROR] LogOutputStream:75 - [STDERR_REDIRECT] Jan 04, 2025 12:22:36 AM java.util.prefs.FileSystemPreferences syncWorld
2025-01-04 00:22:36,979 [ERROR] LogOutputStream:75 - [STDERR_REDIRECT] WARNING: Couldn't flush system prefs: java.util.prefs.BackingStoreException: Couldn't get file lock.
2025-01-04 00:22:36,979 [ERROR] LogOutputStream:75 - [STDERR_REDIRECT] 
2025-01-04 00:23:06,982 [ERROR] LogOutputStream:75 - [STDERR_REDIRECT] Jan 04, 2025 12:23:06 AM java.util.prefs.FileSystemPreferences checkLockFile0ErrorCode
2025-01-04 00:23:06,983 [ERROR] LogOutputStream:75 - [STDERR_REDIRECT] WARNING: Could not lock System prefs. Unix error code 2.
2025-01-04 00:23:06,983 [ERROR] LogOutputStream:75 - [STDERR_REDIRECT] 
2025-01-04 00:23:06,984 [ERROR] LogOutputStream:75 - [STDERR_REDIRECT] Jan 04, 2025 12:23:06 AM java.util.prefs.FileSystemPreferences syncWorld
2025-01-04 00:23:06,985 [ERROR] LogOutputStream:75 - [STDERR_REDIRECT] WARNING: Couldn't flush system prefs: java.util.prefs.BackingStoreException: Couldn't get file lock.
2025-01-04 00:23:06,985 [ERROR] LogOutputStream:75 - [STDERR_REDIRECT] 
2025-01-04 00:23:36,979 [ERROR] LogOutputStream:75 - [STDERR_REDIRECT] Jan 04, 2025 12:23:36 AM java.util.prefs.FileSystemPreferences checkLockFile0ErrorCode
2025-01-04 00:23:36,979 [ERROR] LogOutputStream:75 - [STDERR_REDIRECT] WARNING: Could not lock System prefs. Unix error code 2.
2025-01-04 00:23:36,979 [ERROR] LogOutputStream:75 - [STDERR_REDIRECT] 
2025-01-04 00:23:36,980 [ERROR] LogOutputStream:75 - [STDERR_REDIRECT] Jan 04, 2025 12:23:36 AM java.util.prefs.FileSystemPreferences syncWorld
2025-01-04 00:23:36,980 [ERROR] LogOutputStream:75 - [STDERR_REDIRECT] WARNING: Couldn't flush system prefs: java.util.prefs.BackingStoreException: Couldn't get file lock.
2025-01-04 00:23:36,980 [ERROR] LogOutputStream:75 - [STDERR_REDIRECT] 
2025-01-04 00:24:06,979 [ERROR] LogOutputStream:75 - [STDERR_REDIRECT] Jan 04, 2025 12:24:06 AM java.util.prefs.FileSystemPreferences checkLockFile0ErrorCode
2025-01-04 00:24:06,979 [ERROR] LogOutputStream:75 - [STDERR_REDIRECT] WARNING: Could not lock System prefs. Unix error code 2.
2025-01-04 00:24:06,979 [ERROR] LogOutputStream:75 - [STDERR_REDIRECT] 
2025-01-04 00:24:06,979 [ERROR] LogOutputStream:75 - [STDERR_REDIRECT] Jan 04, 2025 12:24:06 AM java.util.prefs.FileSystemPreferences syncWorld
2025-01-04 00:24:06,979 [ERROR] LogOutputStream:75 - [STDERR_REDIRECT] WARNING: Couldn't flush system prefs: java.util.prefs.BackingStoreException: Couldn't get file lock.
2025-01-04 00:24:06,979 [ERROR] LogOutputStream:75 - [STDERR_REDIRECT] 
2025-01-04 00:24:36,979 [ERROR] LogOutputStream:75 - [STDERR_REDIRECT] Jan 04, 2025 12:24:36 AM java.util.prefs.FileSystemPreferences checkLockFile0ErrorCode
2025-01-04 00:24:36,979 [ERROR] LogOutputStream:75 - [STDERR_REDIRECT] WARNING: Could not lock System prefs. Unix error code 2.
2025-01-04 00:24:36,979 [ERROR] LogOutputStream:75 - [STDERR_REDIRECT] 
2025-01-04 00:24:36,979 [ERROR] LogOutputStream:75 - [STDERR_REDIRECT] Jan 04, 2025 12:24:36 AM java.util.prefs.FileSystemPreferences syncWorld
2025-01-04 00:24:36,979 [ERROR] LogOutputStream:75 - [STDERR_REDIRECT] WARNING: Couldn't flush system prefs: java.util.prefs.BackingStoreException: Couldn't get file lock.
2025-01-04 00:24:36,979 [ERROR] LogOutputStream:75 - [STDERR_REDIRECT] 
2025-01-04 00:25:06,980 [ERROR] LogOutputStream:75 - [STDERR_REDIRECT] Jan 04, 2025 12:25:06 AM java.util.prefs.FileSystemPreferences checkLockFile0ErrorCode
2025-01-04 00:25:06,981 [ERROR] LogOutputStream:75 - [STDERR_REDIRECT] WARNING: Could not lock System prefs. Unix error code 2.
2025-01-04 00:25:06,981 [ERROR] LogOutputStream:75 - [STDERR_REDIRECT] 
2025-01-04 00:25:06,982 [ERROR] LogOutputStream:75 - [STDERR_REDIRECT] Jan 04, 2025 12:25:06 AM java.util.prefs.FileSystemPreferences syncWorld
2025-01-04 00:25:06,982 [ERROR] LogOutputStream:75 - [STDERR_REDIRECT] WARNING: Couldn't flush system prefs: java.util.prefs.BackingStoreException: Couldn't get file lock.
2025-01-04 00:25:06,982 [ERROR] LogOutputStream:75 - [STDERR_REDIRECT] 
2025-01-04 00:25:36,978 [ERROR] LogOutputStream:75 - [STDERR_REDIRECT] Jan 04, 2025 12:25:36 AM java.util.prefs.FileSystemPreferences checkLockFile0ErrorCode
2025-01-04 00:25:36,979 [ERROR] LogOutputStream:75 - [STDERR_REDIRECT] WARNING: Could not lock System prefs. Unix error code 2.
2025-01-04 00:25:36,979 [ERROR] LogOutputStream:75 - [STDERR_REDIRECT] 
2025-01-04 00:25:36,979 [ERROR] LogOutputStream:75 - [STDERR_REDIRECT] Jan 04, 2025 12:25:36 AM java.util.prefs.FileSystemPreferences syncWorld
2025-01-04 00:25:36,979 [ERROR] LogOutputStream:75 - [STDERR_REDIRECT] WARNING: Couldn't flush system prefs: java.util.prefs.BackingStoreException: Couldn't get file lock.
2025-01-04 00:25:36,979 [ERROR] LogOutputStream:75 - [STDERR_REDIRECT] 
2025-01-04 00:26:06,979 [ERROR] LogOutputStream:75 - [STDERR_REDIRECT] Jan 04, 2025 12:26:06 AM java.util.prefs.FileSystemPreferences checkLockFile0ErrorCode
2025-01-04 00:26:06,979 [ERROR] LogOutputStream:75 - [STDERR_REDIRECT] WARNING: Could not lock System prefs. Unix error code 2.
2025-01-04 00:26:06,979 [ERROR] LogOutputStream:75 - [STDERR_REDIRECT] 
2025-01-04 00:26:06,979 [ERROR] LogOutputStream:75 - [STDERR_REDIRECT] Jan 04, 2025 12:26:06 AM java.util.prefs.FileSystemPreferences syncWorld
2025-01-04 00:26:06,979 [ERROR] LogOutputStream:75 - [STDERR_REDIRECT] WARNING: Couldn't flush system prefs: java.util.prefs.BackingStoreException: Couldn't get file lock.
2025-01-04 00:26:06,979 [ERROR] LogOutputStream:75 - [STDERR_REDIRECT] 
2025-01-04 00:26:36,979 [ERROR] LogOutputStream:75 - [STDERR_REDIRECT] Jan 04, 2025 12:26:36 AM java.util.prefs.FileSystemPreferences checkLockFile0ErrorCode
2025-01-04 00:26:36,979 [ERROR] LogOutputStream:75 - [STDERR_REDIRECT] WARNING: Could not lock System prefs. Unix error code 2.
2025-01-04 00:26:36,979 [ERROR] LogOutputStream:75 - [STDERR_REDIRECT] 
2025-01-04 00:26:36,980 [ERROR] LogOutputStream:75 - [STDERR_REDIRECT] Jan 04, 2025 12:26:36 AM java.util.prefs.FileSystemPreferences syncWorld
2025-01-04 00:26:36,980 [ERROR] LogOutputStream:75 - [STDERR_REDIRECT] WARNING: Couldn't flush system prefs: java.util.prefs.BackingStoreException: Couldn't get file lock.
2025-01-04 00:26:36,980 [ERROR] LogOutputStream:75 - [STDERR_REDIRECT] 
