2024-12-18 00:00:14,941 [ERROR] LogOutputStream:75 - [STDERR_REDIRECT] Dec 18, 2024 12:00:14 AM java.util.prefs.FileSystemPreferences checkLockFile0ErrorCode
2024-12-18 00:00:14,944 [ERROR] LogOutputStream:75 - [STDERR_REDIRECT] WARNING: Could not lock System prefs. Unix error code 2.
2024-12-18 00:00:14,944 [ERROR] LogOutputStream:75 - [STDERR_REDIRECT] 
2024-12-18 00:00:14,944 [ERROR] LogOutputStream:75 - [STDERR_REDIRECT] Dec 18, 2024 12:00:14 AM java.util.prefs.FileSystemPreferences syncWorld
2024-12-18 00:00:14,944 [ERROR] LogOutputStream:75 - [STDERR_REDIRECT] WARNING: Couldn't flush system prefs: java.util.prefs.BackingStoreException: Couldn't get file lock.
2024-12-18 00:00:14,944 [ERROR] LogOutputStream:75 - [STDERR_REDIRECT] 
2024-12-18 00:00:44,942 [ERROR] LogOutputStream:75 - [STDERR_REDIRECT] Dec 18, 2024 12:00:44 AM java.util.prefs.FileSystemPreferences checkLockFile0ErrorCode
2024-12-18 00:00:44,942 [ERROR] LogOutputStream:75 - [STDERR_REDIRECT] WARNING: Could not lock System prefs. Unix error code 2.
2024-12-18 00:00:44,942 [ERROR] LogOutputStream:75 - [STDERR_REDIRECT] 
2024-12-18 00:00:44,943 [ERROR] LogOutputStream:75 - [STDERR_REDIRECT] Dec 18, 2024 12:00:44 AM java.util.prefs.FileSystemPreferences syncWorld
2024-12-18 00:00:44,943 [ERROR] LogOutputStream:75 - [STDERR_REDIRECT] WARNING: Couldn't flush system prefs: java.util.prefs.BackingStoreException: Couldn't get file lock.
2024-12-18 00:00:44,943 [ERROR] LogOutputStream:75 - [STDERR_REDIRECT] 
2024-12-18 00:01:14,941 [ERROR] LogOutputStream:75 - [STDERR_REDIRECT] Dec 18, 2024 12:01:14 AM java.util.prefs.FileSystemPreferences checkLockFile0ErrorCode
2024-12-18 00:01:14,941 [ERROR] LogOutputStream:75 - [STDERR_REDIRECT] WARNING: Could not lock System prefs. Unix error code 2.
2024-12-18 00:01:14,941 [ERROR] LogOutputStream:75 - [STDERR_REDIRECT] 
2024-12-18 00:01:14,942 [ERROR] LogOutputStream:75 - [STDERR_REDIRECT] Dec 18, 2024 12:01:14 AM java.util.prefs.FileSystemPreferences syncWorld
2024-12-18 00:01:14,942 [ERROR] LogOutputStream:75 - [STDERR_REDIRECT] WARNING: Couldn't flush system prefs: java.util.prefs.BackingStoreException: Couldn't get file lock.
2024-12-18 00:01:14,942 [ERROR] LogOutputStream:75 - [STDERR_REDIRECT] 
2024-12-18 00:01:44,941 [ERROR] LogOutputStream:75 - [STDERR_REDIRECT] Dec 18, 2024 12:01:44 AM java.util.prefs.FileSystemPreferences checkLockFile0ErrorCode
2024-12-18 00:01:44,942 [ERROR] LogOutputStream:75 - [STDERR_REDIRECT] WARNING: Could not lock System prefs. Unix error code 2.
2024-12-18 00:01:44,942 [ERROR] LogOutputStream:75 - [STDERR_REDIRECT] 
2024-12-18 00:01:44,942 [ERROR] LogOutputStream:75 - [STDERR_REDIRECT] Dec 18, 2024 12:01:44 AM java.util.prefs.FileSystemPreferences syncWorld
2024-12-18 00:01:44,943 [ERROR] LogOutputStream:75 - [STDERR_REDIRECT] WARNING: Couldn't flush system prefs: java.util.prefs.BackingStoreException: Couldn't get file lock.
2024-12-18 00:01:44,943 [ERROR] LogOutputStream:75 - [STDERR_REDIRECT] 
2024-12-18 00:02:14,941 [ERROR] LogOutputStream:75 - [STDERR_REDIRECT] Dec 18, 2024 12:02:14 AM java.util.prefs.FileSystemPreferences checkLockFile0ErrorCode
2024-12-18 00:02:14,942 [ERROR] LogOutputStream:75 - [STDERR_REDIRECT] WARNING: Could not lock System prefs. Unix error code 2.
2024-12-18 00:02:14,942 [ERROR] LogOutputStream:75 - [STDERR_REDIRECT] 
2024-12-18 00:02:14,943 [ERROR] LogOutputStream:75 - [STDERR_REDIRECT] Dec 18, 2024 12:02:14 AM java.util.prefs.FileSystemPreferences syncWorld
2024-12-18 00:02:14,943 [ERROR] LogOutputStream:75 - [STDERR_REDIRECT] WARNING: Couldn't flush system prefs: java.util.prefs.BackingStoreException: Couldn't get file lock.
2024-12-18 00:02:14,943 [ERROR] LogOutputStream:75 - [STDERR_REDIRECT] 
2024-12-18 00:02:44,942 [ERROR] LogOutputStream:75 - [STDERR_REDIRECT] Dec 18, 2024 12:02:44 AM java.util.prefs.FileSystemPreferences checkLockFile0ErrorCode
2024-12-18 00:02:44,942 [ERROR] LogOutputStream:75 - [STDERR_REDIRECT] WARNING: Could not lock System prefs. Unix error code 2.
2024-12-18 00:02:44,942 [ERROR] LogOutputStream:75 - [STDERR_REDIRECT] 
2024-12-18 00:02:44,943 [ERROR] LogOutputStream:75 - [STDERR_REDIRECT] Dec 18, 2024 12:02:44 AM java.util.prefs.FileSystemPreferences syncWorld
2024-12-18 00:02:44,943 [ERROR] LogOutputStream:75 - [STDERR_REDIRECT] WARNING: Couldn't flush system prefs: java.util.prefs.BackingStoreException: Couldn't get file lock.
2024-12-18 00:02:44,943 [ERROR] LogOutputStream:75 - [STDERR_REDIRECT] 
2024-12-18 00:03:14,941 [ERROR] LogOutputStream:75 - [STDERR_REDIRECT] Dec 18, 2024 12:03:14 AM java.util.prefs.FileSystemPreferences checkLockFile0ErrorCode
2024-12-18 00:03:14,941 [ERROR] LogOutputStream:75 - [STDERR_REDIRECT] WARNING: Could not lock System prefs. Unix error code 2.
2024-12-18 00:03:14,942 [ERROR] LogOutputStream:75 - [STDERR_REDIRECT] 
2024-12-18 00:03:14,942 [ERROR] LogOutputStream:75 - [STDERR_REDIRECT] Dec 18, 2024 12:03:14 AM java.util.prefs.FileSystemPreferences syncWorld
2024-12-18 00:03:14,942 [ERROR] LogOutputStream:75 - [STDERR_REDIRECT] WARNING: Couldn't flush system prefs: java.util.prefs.BackingStoreException: Couldn't get file lock.
2024-12-18 00:03:14,942 [ERROR] LogOutputStream:75 - [STDERR_REDIRECT] 
2024-12-18 00:03:44,942 [ERROR] LogOutputStream:75 - [STDERR_REDIRECT] Dec 18, 2024 12:03:44 AM java.util.prefs.FileSystemPreferences checkLockFile0ErrorCode
2024-12-18 00:03:44,942 [ERROR] LogOutputStream:75 - [STDERR_REDIRECT] WARNING: Could not lock System prefs. Unix error code 2.
2024-12-18 00:03:44,942 [ERROR] LogOutputStream:75 - [STDERR_REDIRECT] 
2024-12-18 00:03:44,943 [ERROR] LogOutputStream:75 - [STDERR_REDIRECT] Dec 18, 2024 12:03:44 AM java.util.prefs.FileSystemPreferences syncWorld
2024-12-18 00:03:44,943 [ERROR] LogOutputStream:75 - [STDERR_REDIRECT] WARNING: Couldn't flush system prefs: java.util.prefs.BackingStoreException: Couldn't get file lock.
2024-12-18 00:03:44,943 [ERROR] LogOutputStream:75 - [STDERR_REDIRECT] 
2024-12-18 00:04:14,942 [ERROR] LogOutputStream:75 - [STDERR_REDIRECT] Dec 18, 2024 12:04:14 AM java.util.prefs.FileSystemPreferences checkLockFile0ErrorCode
2024-12-18 00:04:14,943 [ERROR] LogOutputStream:75 - [STDERR_REDIRECT] WARNING: Could not lock System prefs. Unix error code 2.
2024-12-18 00:04:14,943 [ERROR] LogOutputStream:75 - [STDERR_REDIRECT] 
2024-12-18 00:04:14,944 [ERROR] LogOutputStream:75 - [STDERR_REDIRECT] Dec 18, 2024 12:04:14 AM java.util.prefs.FileSystemPreferences syncWorld
2024-12-18 00:04:14,944 [ERROR] LogOutputStream:75 - [STDERR_REDIRECT] WARNING: Couldn't flush system prefs: java.util.prefs.BackingStoreException: Couldn't get file lock.
2024-12-18 00:04:14,944 [ERROR] LogOutputStream:75 - [STDERR_REDIRECT] 
2024-12-18 00:04:44,942 [ERROR] LogOutputStream:75 - [STDERR_REDIRECT] Dec 18, 2024 12:04:44 AM java.util.prefs.FileSystemPreferences checkLockFile0ErrorCode
2024-12-18 00:04:44,942 [ERROR] LogOutputStream:75 - [STDERR_REDIRECT] WARNING: Could not lock System prefs. Unix error code 2.
2024-12-18 00:04:44,943 [ERROR] LogOutputStream:75 - [STDERR_REDIRECT] 
2024-12-18 00:04:44,943 [ERROR] LogOutputStream:75 - [STDERR_REDIRECT] Dec 18, 2024 12:04:44 AM java.util.prefs.FileSystemPreferences syncWorld
2024-12-18 00:04:44,944 [ERROR] LogOutputStream:75 - [STDERR_REDIRECT] WARNING: Couldn't flush system prefs: java.util.prefs.BackingStoreException: Couldn't get file lock.
2024-12-18 00:04:44,944 [ERROR] LogOutputStream:75 - [STDERR_REDIRECT] 
2024-12-18 00:05:14,943 [ERROR] LogOutputStream:75 - [STDERR_REDIRECT] Dec 18, 2024 12:05:14 AM java.util.prefs.FileSystemPreferences checkLockFile0ErrorCode
2024-12-18 00:05:14,944 [ERROR] LogOutputStream:75 - [STDERR_REDIRECT] WARNING: Could not lock System prefs. Unix error code 2.
2024-12-18 00:05:14,944 [ERROR] LogOutputStream:75 - [STDERR_REDIRECT] 
2024-12-18 00:05:14,945 [ERROR] LogOutputStream:75 - [STDERR_REDIRECT] Dec 18, 2024 12:05:14 AM java.util.prefs.FileSystemPreferences syncWorld
2024-12-18 00:05:14,945 [ERROR] LogOutputStream:75 - [STDERR_REDIRECT] WARNING: Couldn't flush system prefs: java.util.prefs.BackingStoreException: Couldn't get file lock.
2024-12-18 00:05:14,945 [ERROR] LogOutputStream:75 - [STDERR_REDIRECT] 
2024-12-18 00:05:44,943 [ERROR] LogOutputStream:75 - [STDERR_REDIRECT] Dec 18, 2024 12:05:44 AM java.util.prefs.FileSystemPreferences checkLockFile0ErrorCode
2024-12-18 00:05:44,943 [ERROR] LogOutputStream:75 - [STDERR_REDIRECT] WARNING: Could not lock System prefs. Unix error code 2.
2024-12-18 00:05:44,944 [ERROR] LogOutputStream:75 - [STDERR_REDIRECT] 
2024-12-18 00:05:44,945 [ERROR] LogOutputStream:75 - [STDERR_REDIRECT] Dec 18, 2024 12:05:44 AM java.util.prefs.FileSystemPreferences syncWorld
2024-12-18 00:05:44,945 [ERROR] LogOutputStream:75 - [STDERR_REDIRECT] WARNING: Couldn't flush system prefs: java.util.prefs.BackingStoreException: Couldn't get file lock.
2024-12-18 00:05:44,945 [ERROR] LogOutputStream:75 - [STDERR_REDIRECT] 
2024-12-18 00:06:14,837 [ERROR] LogOutputStream:75 - [STDERR_REDIRECT] 
2024-12-18 00:06:14,838 [ERROR] LogOutputStream:75 - [STDERR_REDIRECT] 
2024-12-18 23:45:23,060 [INFO] Activator:176 - 


2024-12-18 23:45:23,061 [INFO] Activator:177 - !SESSION log4j initialized
2024-12-18 23:45:26,535 [INFO] LogOutputStream:77 - [STDOUT_REDIRECT] 
2024-12-18 23:45:27,102 [INFO] ApplicationProperties:184 - Using Application install path: /opt/st/stm32cubeide_1.17.0/plugins/com.st.stm32cube.common.mx_6.13.0.202411220809
2024-12-18 23:45:27,114 [INFO] DbMcusXml:78 - Set database path to: /opt/st/stm32cubeide_1.17.0/plugins/com.st.stm32cube.common.mx_6.13.0.202411220809//db//mcu/
2024-12-18 23:45:27,114 [INFO] ApiDb:274 - Set plugin database path to: /opt/st/stm32cubeide_1.17.0/plugins/com.st.stm32cube.common.mx_6.13.0.202411220809//db//plugins/boardmanager/
2024-12-18 23:45:27,114 [WARN] ApiDb:259 - Overriding images path with different value:  => /opt/st/stm32cubeide_1.17.0/plugins/com.st.stm32cube.common.mx_6.13.0.202411220809//db//plugins/mcufinder/images/
2024-12-18 23:45:27,119 [INFO] ApiDb:250 - Set database path to: /home/elias/.stmcufinder/plugins/mcufinder//mcu/
2024-12-18 23:45:27,120 [INFO] DbMcusAds:125 - Set database path to: /home/elias/.stmcufinder/plugins/mcufinder//mcu/
2024-12-18 23:45:27,122 [INFO] CrossReferenceDbSqlite:203 - Set database path to: /home/elias/.stmcufinder/plugins/mcufinder//mcu/cs/
2024-12-18 23:45:27,200 [INFO] RulesReader:64 - Compatibility file has been processed (297 Rules)
2024-12-18 23:45:27,239 [INFO] DbMcusXml:78 - Set database path to: /opt/st/stm32cubeide_1.17.0/plugins/com.st.stm32cube.common.mx_6.13.0.202411220809//db//mcu/
2024-12-18 23:45:27,239 [INFO] ApiDb:274 - Set plugin database path to: /opt/st/stm32cubeide_1.17.0/plugins/com.st.stm32cube.common.mx_6.13.0.202411220809//db//plugins/boardmanager/
2024-12-18 23:45:27,239 [INFO] ApiDb:261 - Set plugin images path to: /opt/st/stm32cubeide_1.17.0/plugins/com.st.stm32cube.common.mx_6.13.0.202411220809//db//plugins/mcufinder/images/
2024-12-18 23:45:27,240 [WARN] DbFile:41 - Overriding database path with different value: /home/elias/.stmcufinder/plugins/mcufinder/ => /home/elias/.stmcufinder/plugins/mcufinder
2024-12-18 23:45:27,240 [INFO] ApiDb:250 - Set database path to: /home/elias/.stmcufinder/plugins/mcufinder//mcu/
2024-12-18 23:45:27,240 [WARN] DbFile:41 - Overriding database path with different value: /home/elias/.stmcufinder/plugins/mcufinder/ => /home/elias/.stmcufinder/plugins/mcufinder
2024-12-18 23:45:27,240 [INFO] DbMcusAds:125 - Set database path to: /home/elias/.stmcufinder/plugins/mcufinder//mcu/
2024-12-18 23:45:27,240 [WARN] DbFile:41 - Overriding database path with different value: /home/elias/.stmcufinder/plugins/mcufinder/ => /home/elias/.stmcufinder/plugins/mcufinder
2024-12-18 23:45:27,240 [WARN] DbFile:41 - Overriding database path with different value: /home/elias/.stmcufinder/plugins/mcufinder/ => /home/elias/.stmcufinder/plugins/mcufinder
2024-12-18 23:45:27,240 [INFO] CrossReferenceDbSqlite:203 - Set database path to: /home/elias/.stmcufinder/plugins/mcufinder//mcu/cs/
2024-12-18 23:45:27,283 [INFO] MainPanel:272 - HeapMemory: 268435456
2024-12-18 23:45:27,372 [INFO] DbMcusXml:78 - Set database path to: /opt/st/stm32cubeide_1.17.0/plugins/com.st.stm32cube.common.mx_6.13.0.202411220809//db//mcu/
2024-12-18 23:45:27,372 [INFO] ApiDb:274 - Set plugin database path to: /opt/st/stm32cubeide_1.17.0/plugins/com.st.stm32cube.common.mx_6.13.0.202411220809//db//plugins/boardmanager/
2024-12-18 23:45:27,372 [INFO] ApiDb:261 - Set plugin images path to: /opt/st/stm32cubeide_1.17.0/plugins/com.st.stm32cube.common.mx_6.13.0.202411220809//db//plugins/mcufinder/images/
2024-12-18 23:45:27,372 [WARN] DbFile:41 - Overriding database path with different value: /home/elias/.stmcufinder/plugins/mcufinder/ => /home/elias/.stmcufinder/plugins/mcufinder
2024-12-18 23:45:27,372 [INFO] ApiDb:250 - Set database path to: /home/elias/.stmcufinder/plugins/mcufinder//mcu/
2024-12-18 23:45:27,372 [WARN] DbFile:41 - Overriding database path with different value: /home/elias/.stmcufinder/plugins/mcufinder/ => /home/elias/.stmcufinder/plugins/mcufinder
2024-12-18 23:45:27,372 [INFO] DbMcusAds:125 - Set database path to: /home/elias/.stmcufinder/plugins/mcufinder//mcu/
2024-12-18 23:45:27,373 [WARN] DbFile:41 - Overriding database path with different value: /home/elias/.stmcufinder/plugins/mcufinder/ => /home/elias/.stmcufinder/plugins/mcufinder
2024-12-18 23:45:27,373 [WARN] DbFile:41 - Overriding database path with different value: /home/elias/.stmcufinder/plugins/mcufinder/ => /home/elias/.stmcufinder/plugins/mcufinder
2024-12-18 23:45:27,373 [INFO] CrossReferenceDbSqlite:203 - Set database path to: /home/elias/.stmcufinder/plugins/mcufinder//mcu/cs/
2024-12-18 23:45:27,382 [INFO] ApplicationProperties:184 - Using Application install path: /opt/st/stm32cubeide_1.17.0/plugins/com.st.stm32cube.common.mx_6.13.0.202411220809
2024-12-18 23:45:27,384 [INFO] PluginManage:196 - Search for loadable plugins [exclusion list=, ]
2024-12-18 23:45:27,384 [INFO] PluginManage:310 - Check plugin analytics
2024-12-18 23:45:27,494 [INFO] AnalyticsPlugin:253 - Accepted Software Licenses: 
2024-12-18 23:45:27,494 [INFO] AnalyticsPlugin:255 - Accepted CMSIS Pack Licenses: 
2024-12-18 23:45:27,494 [INFO] AnalyticsPlugin:257 - Accepted Firmware Licenses: 
2024-12-18 23:45:27,495 [INFO] PluginManage:359 - Loaded plugin analytics (category:tool,tabindex:-1)
2024-12-18 23:45:27,496 [INFO] PluginManage:310 - Check plugin cadmodel
2024-12-18 23:45:27,499 [INFO] CADModel:105 - Init CAD model plugin
2024-12-18 23:45:27,500 [INFO] PluginManage:359 - Loaded plugin cadmodel (category:power,tabindex:5)
2024-12-18 23:45:27,500 [INFO] PluginManage:310 - Check plugin clock
2024-12-18 23:45:27,506 [INFO] PluginManage:359 - Loaded plugin clock (category:base,tabindex:2)
2024-12-18 23:45:27,506 [INFO] PluginManage:310 - Check plugin ddr
2024-12-18 23:45:27,508 [INFO] PluginManage:359 - Loaded plugin ddr (category:tool,tabindex:6)
2024-12-18 23:45:27,508 [INFO] PluginManage:310 - Check plugin filemanager
2024-12-18 23:45:27,605 [INFO] PluginManage:359 - Loaded plugin filemanager (category:base,tabindex:10)
2024-12-18 23:45:27,605 [INFO] PluginManage:310 - Check plugin ipmanager
2024-12-18 23:45:27,609 [INFO] PluginManage:359 - Loaded plugin ipmanager (category:base,tabindex:5)
2024-12-18 23:45:27,609 [INFO] PluginManage:310 - Check plugin lpbam
2024-12-18 23:45:27,614 [INFO] PluginManage:359 - Loaded plugin lpbam (category:base,tabindex:0)
2024-12-18 23:45:27,614 [INFO] PluginManage:310 - Check plugin memorymap
2024-12-18 23:45:27,622 [INFO] PluginManage:359 - Loaded plugin memorymap (category:base,tabindex:4)
2024-12-18 23:45:27,622 [INFO] PluginManage:310 - Check plugin pinoutandconfiguration
2024-12-18 23:45:27,628 [INFO] PluginManage:359 - Loaded plugin pinoutandconfiguration (category:base,tabindex:1)
2024-12-18 23:45:27,628 [INFO] PluginManage:310 - Check plugin pinoutconfig
2024-12-18 23:45:27,683 [WARN] SupportedApi:132 - Cannot load RTOS API schema: s4s-elt-must-match.1: The content of 'definitions' must match (annotation?, (simpleType | complexType)?, (unique | key | keyref)*)). A problem was found starting at: attribute.
2024-12-18 23:45:27,765 [INFO] PluginManage:359 - Loaded plugin pinoutconfig (category:base,tabindex:0)
2024-12-18 23:45:27,766 [INFO] PluginManage:310 - Check plugin power
2024-12-18 23:45:27,772 [INFO] PluginManage:359 - Loaded plugin power (category:power,tabindex:4)
2024-12-18 23:45:27,772 [INFO] PluginManage:310 - Check plugin projectmanager
2024-12-18 23:45:27,782 [INFO] PluginManage:359 - Loaded plugin projectmanager (category:projectmanager,tabindex:4)
2024-12-18 23:45:27,782 [INFO] PluginManage:310 - Check plugin rif
2024-12-18 23:45:27,787 [INFO] PluginManage:359 - Loaded plugin rif (category:base,tabindex:3)
2024-12-18 23:45:27,787 [INFO] PluginManage:310 - Check plugin thirdparty
2024-12-18 23:45:27,856 [WARN] IntegrityCheckThread:84 - waiting for thirdparty lock release [integrity check]
2024-12-18 23:45:27,856 [INFO] PluginManage:359 - Loaded plugin thirdparty (category:base,tabindex:-1)
2024-12-18 23:45:27,856 [INFO] IntegrityCheckThread:86 - entering critical section [integrity check]
2024-12-18 23:45:27,856 [INFO] PluginManage:310 - Check plugin tools
2024-12-18 23:45:27,856 [INFO] ThirdPartyUpdaterWithRetryManager:70 - Updater plugin not ready yet. [1/15]
2024-12-18 23:45:27,857 [INFO] PluginManage:359 - Loaded plugin tools (category:base,tabindex:7)
2024-12-18 23:45:27,858 [INFO] PluginManage:310 - Check plugin tutovideos
2024-12-18 23:45:27,976 [INFO] PluginManage:359 - Loaded plugin tutovideos (category:base,tabindex:-1)
2024-12-18 23:45:27,976 [INFO] PluginManage:310 - Check plugin updater
2024-12-18 23:45:27,992 [INFO] PluginManage:359 - Loaded plugin updater (category:base,tabindex:12)
2024-12-18 23:45:27,992 [INFO] PluginManage:310 - Check plugin userauth
2024-12-18 23:45:27,994 [INFO] UserAuth:118 - Init User Auth plugin
2024-12-18 23:45:27,995 [INFO] PluginManage:359 - Loaded plugin userauth (category:base,tabindex:14)
2024-12-18 23:45:27,995 [INFO] PluginManage:283 - PluginManage : Loaded plugins [18]
2024-12-18 23:45:28,121 [INFO] PinOutPanel:1589 - setPackage(No Configuration,No Configuration)
2024-12-18 23:45:28,166 [INFO] CADModel:165 - CPN selected for project level
2024-12-18 23:45:28,166 [INFO] CADModel:114 - Register for checkConnection events
2024-12-18 23:45:28,174 [INFO] IPUIPlugin:80 - create IPUIPlugin
2024-12-18 23:45:28,174 [INFO] PluginManager:220 - loadIPPluginJar : add gic
2024-12-18 23:45:28,178 [INFO] IPUIPlugin:80 - create IPUIPlugin
2024-12-18 23:45:28,178 [INFO] PluginManager:220 - loadIPPluginJar : add extmemmanager
2024-12-18 23:45:28,180 [INFO] IPUIPlugin:80 - create IPUIPlugin
2024-12-18 23:45:28,180 [INFO] PluginManager:220 - loadIPPluginJar : add pdm2pcm
2024-12-18 23:45:28,181 [INFO] IPUIPlugin:80 - create IPUIPlugin
2024-12-18 23:45:28,181 [INFO] PluginManager:220 - loadIPPluginJar : add fatfs
2024-12-18 23:45:28,182 [INFO] IPUIPlugin:80 - create IPUIPlugin
2024-12-18 23:45:28,182 [INFO] PluginManager:220 - loadIPPluginJar : add i2s
2024-12-18 23:45:28,183 [INFO] IPUIPlugin:80 - create IPUIPlugin
2024-12-18 23:45:28,183 [INFO] PluginManager:220 - loadIPPluginJar : add dfsdm
2024-12-18 23:45:28,184 [INFO] IPUIPlugin:80 - create IPUIPlugin
2024-12-18 23:45:28,185 [INFO] PluginManager:220 - loadIPPluginJar : add radio
2024-12-18 23:45:28,186 [INFO] IPUIPlugin:80 - create IPUIPlugin
2024-12-18 23:45:28,186 [INFO] PluginManager:220 - loadIPPluginJar : add aes
2024-12-18 23:45:28,188 [INFO] IPUIPlugin:80 - create IPUIPlugin
2024-12-18 23:45:28,188 [INFO] PluginManager:220 - loadIPPluginJar : add gtzc
2024-12-18 23:45:28,190 [INFO] IPUIPlugin:80 - create IPUIPlugin
2024-12-18 23:45:28,190 [INFO] PluginManager:220 - loadIPPluginJar : add can
2024-12-18 23:45:28,195 [INFO] IPUIPlugin:80 - create IPUIPlugin
2024-12-18 23:45:28,195 [INFO] PluginManager:220 - loadIPPluginJar : add linkedlist
2024-12-18 23:45:28,196 [INFO] IPUIPlugin:80 - create IPUIPlugin
2024-12-18 23:45:28,196 [INFO] PluginManager:220 - loadIPPluginJar : add spi
2024-12-18 23:45:28,198 [INFO] IPUIPlugin:80 - create IPUIPlugin
2024-12-18 23:45:28,198 [INFO] PluginManager:220 - loadIPPluginJar : add dma3
2024-12-18 23:45:28,203 [INFO] IPUIPlugin:80 - create IPUIPlugin
2024-12-18 23:45:28,203 [INFO] PluginManager:220 - loadIPPluginJar : add adc
2024-12-18 23:45:28,205 [INFO] IPUIPlugin:80 - create IPUIPlugin
2024-12-18 23:45:28,205 [INFO] PluginManager:220 - loadIPPluginJar : add opamp
2024-12-18 23:45:28,207 [INFO] IPUIPlugin:80 - create IPUIPlugin
2024-12-18 23:45:28,207 [INFO] PluginManager:220 - loadIPPluginJar : add openamp
2024-12-18 23:45:28,209 [INFO] IPUIPlugin:80 - create IPUIPlugin
2024-12-18 23:45:28,209 [INFO] PluginManager:220 - loadIPPluginJar : add touchsensing
2024-12-18 23:45:28,212 [INFO] IPUIPlugin:80 - create IPUIPlugin
2024-12-18 23:45:28,212 [INFO] PluginManager:220 - loadIPPluginJar : add resmgrutility
2024-12-18 23:45:28,213 [INFO] IPUIPlugin:80 - create IPUIPlugin
2024-12-18 23:45:28,213 [INFO] PluginManager:220 - loadIPPluginJar : add ts
2024-12-18 23:45:28,215 [INFO] IPUIPlugin:80 - create IPUIPlugin
2024-12-18 23:45:28,215 [INFO] PluginManager:220 - loadIPPluginJar : add fmc
2024-12-18 23:45:28,216 [INFO] IPUIPlugin:80 - create IPUIPlugin
2024-12-18 23:45:28,216 [INFO] PluginManager:220 - loadIPPluginJar : add i3c
2024-12-18 23:45:28,218 [INFO] IPUIPlugin:80 - create IPUIPlugin
2024-12-18 23:45:28,218 [INFO] PluginManager:220 - loadIPPluginJar : add i2c
2024-12-18 23:45:28,220 [INFO] IPUIPlugin:80 - create IPUIPlugin
2024-12-18 23:45:28,220 [INFO] PluginManager:220 - loadIPPluginJar : add usbx
2024-12-18 23:45:28,221 [INFO] IPUIPlugin:80 - create IPUIPlugin
2024-12-18 23:45:28,221 [INFO] PluginManager:220 - loadIPPluginJar : add hash
2024-12-18 23:45:28,223 [INFO] IPUIPlugin:80 - create IPUIPlugin
2024-12-18 23:45:28,223 [INFO] PluginManager:220 - loadIPPluginJar : add ipddr
2024-12-18 23:45:28,224 [INFO] IPUIPlugin:80 - create IPUIPlugin
2024-12-18 23:45:28,224 [INFO] PluginManager:220 - loadIPPluginJar : add comp
2024-12-18 23:45:28,226 [INFO] IPUIPlugin:80 - create IPUIPlugin
2024-12-18 23:45:28,226 [INFO] PluginManager:220 - loadIPPluginJar : add lorawan
2024-12-18 23:45:28,229 [INFO] IPUIPlugin:80 - create IPUIPlugin
2024-12-18 23:45:28,229 [INFO] PluginManager:220 - loadIPPluginJar : add gpio
2024-12-18 23:45:28,231 [INFO] IPUIPlugin:80 - create IPUIPlugin
2024-12-18 23:45:28,231 [INFO] PluginManager:220 - loadIPPluginJar : add nvic
2024-12-18 23:45:28,235 [INFO] IPUIPlugin:80 - create IPUIPlugin
2024-12-18 23:45:28,237 [INFO] PluginManager:220 - loadIPPluginJar : add plateformsettings
2024-12-18 23:45:28,238 [INFO] IPUIPlugin:80 - create IPUIPlugin
2024-12-18 23:45:28,239 [INFO] PluginManager:220 - loadIPPluginJar : add sai
2024-12-18 23:45:28,240 [INFO] IPUIPlugin:80 - create IPUIPlugin
2024-12-18 23:45:28,240 [INFO] PluginManager:220 - loadIPPluginJar : add gfxmmu
2024-12-18 23:45:28,244 [INFO] IPUIPlugin:80 - create IPUIPlugin
2024-12-18 23:45:28,244 [INFO] PluginManager:220 - loadIPPluginJar : add freertos
2024-12-18 23:45:28,245 [INFO] IPUIPlugin:80 - create IPUIPlugin
2024-12-18 23:45:28,245 [INFO] PluginManager:220 - loadIPPluginJar : add ucpd
2024-12-18 23:45:28,246 [INFO] IPUIPlugin:80 - create IPUIPlugin
2024-12-18 23:45:28,246 [INFO] PluginManager:220 - loadIPPluginJar : add genericplugin
2024-12-18 23:45:28,247 [INFO] IPUIPlugin:80 - create IPUIPlugin
2024-12-18 23:45:28,247 [INFO] PluginManager:220 - loadIPPluginJar : add tsc
2024-12-18 23:45:28,250 [INFO] IPUIPlugin:80 - create IPUIPlugin
2024-12-18 23:45:28,250 [INFO] PluginManager:220 - loadIPPluginJar : add stm32_wpan
2024-12-18 23:45:28,254 [INFO] IPUIPlugin:80 - create IPUIPlugin
2024-12-18 23:45:28,254 [INFO] PluginManager:220 - loadIPPluginJar : add mdma
2024-12-18 23:45:28,255 [INFO] IPUIPlugin:80 - create IPUIPlugin
2024-12-18 23:45:28,255 [INFO] PluginManager:220 - loadIPPluginJar : add quadspi
2024-12-18 23:45:28,257 [INFO] IPUIPlugin:80 - create IPUIPlugin
2024-12-18 23:45:28,257 [INFO] PluginManager:220 - loadIPPluginJar : add usart
2024-12-18 23:45:28,258 [INFO] IPUIPlugin:80 - create IPUIPlugin
2024-12-18 23:45:28,258 [INFO] PluginManager:220 - loadIPPluginJar : add cryp
2024-12-18 23:45:28,259 [INFO] IPUIPlugin:80 - create IPUIPlugin
2024-12-18 23:45:28,259 [INFO] PluginManager:220 - loadIPPluginJar : add tracer_emb
2024-12-18 23:45:28,261 [INFO] IPUIPlugin:80 - create IPUIPlugin
2024-12-18 23:45:28,261 [INFO] PluginManager:220 - loadIPPluginJar : add ddr_ctrl_phy
2024-12-18 23:45:28,264 [INFO] IPUIPlugin:80 - create IPUIPlugin
2024-12-18 23:45:28,264 [INFO] PluginManager:220 - loadIPPluginJar : add dma
2024-12-18 23:45:28,265 [INFO] IPUIPlugin:80 - create IPUIPlugin
2024-12-18 23:45:28,265 [INFO] PluginManager:220 - loadIPPluginJar : add ltdc
2024-12-18 23:45:28,266 [INFO] IPUIPlugin:80 - create IPUIPlugin
2024-12-18 23:45:28,266 [INFO] PluginManager:220 - loadIPPluginJar : add tim
2024-12-18 23:45:28,358 [FATAL] Updater:351 - Updater called before beeing initialized
2024-12-18 23:45:28,377 [INFO] RulesReader:64 - Compatibility file has been processed (297 Rules)
2024-12-18 23:45:28,385 [INFO] RulesReader:64 - Compatibility file has been processed (297 Rules)
2024-12-18 23:45:28,390 [INFO] CADModel:165 - CPN selected for project level
2024-12-18 23:45:28,390 [INFO] CADModel:114 - Register for checkConnection events
2024-12-18 23:45:28,390 [FATAL] Updater:351 - Updater called before beeing initialized
2024-12-18 23:45:28,391 [ERROR] CADModel:125 - Updater not yet initialized, retry later 
2024-12-18 23:45:28,496 [FATAL] Updater:351 - Updater called before beeing initialized
2024-12-18 23:45:28,497 [INFO] CADModel:165 - CPN selected for project level
2024-12-18 23:45:28,497 [INFO] CADModel:114 - Register for checkConnection events
2024-12-18 23:45:28,497 [FATAL] Updater:351 - Updater called before beeing initialized
2024-12-18 23:45:28,497 [ERROR] CADModel:125 - Updater not yet initialized, retry later 
2024-12-18 23:45:28,499 [FATAL] Updater:351 - Updater called before beeing initialized
2024-12-18 23:45:28,548 [FATAL] Updater:351 - Updater called before beeing initialized
2024-12-18 23:45:28,550 [INFO] DbMcusAds:53 - JSON generation date=Tue Dec 17 13:01:15 BRT 2024 (1734451275222)
2024-12-18 23:45:28,550 [FATAL] Updater:351 - Updater called before beeing initialized
2024-12-18 23:45:28,576 [WARN] DetailPanel:346 - Failed to get advertising image, set to default
2024-12-18 23:45:28,764 [FATAL] Updater:351 - Updater called before beeing initialized
2024-12-18 23:45:28,765 [FATAL] Updater:351 - Updater called before beeing initialized
2024-12-18 23:45:28,765 [FATAL] Updater:351 - Updater called before beeing initialized
2024-12-18 23:45:28,765 [WARN] DetailPanel:346 - Failed to get advertising image, set to default
2024-12-18 23:45:28,766 [FATAL] Updater:351 - Updater called before beeing initialized
2024-12-18 23:45:28,788 [ERROR] Updater:1198 - MainUpdater not yet initialized. External WinMGr cannot be set.
2024-12-18 23:45:28,790 [INFO] Updater:1134 - Updater Version found : 6.13.0
2024-12-18 23:45:28,803 [INFO] ApplicationProperties:184 - Using Application install path: /opt/st/stm32cubeide_1.17.0/plugins/com.st.stm32cube.common.mx_6.13.0.202411220809
2024-12-18 23:45:28,814 [ERROR] LogOutputStream:75 - [STDERR_REDIRECT] Dec 18, 2024 11:45:28 PM java.util.prefs.FileSystemPreferences$2 run
2024-12-18 23:45:28,814 [ERROR] LogOutputStream:75 - [STDERR_REDIRECT] WARNING: Could not create system preferences directory. System preferences are unusable.
2024-12-18 23:45:28,814 [ERROR] LogOutputStream:75 - [STDERR_REDIRECT] 
2024-12-18 23:45:29,119 [INFO] MainUpdater:2872 - connection check result : 10
2024-12-18 23:45:29,120 [INFO] MainUpdater:289 - Updater Check For Update Now.
2024-12-18 23:45:29,120 [INFO] MicroXplorer:498 - Change Database Version : DB.6.0.130
2024-12-18 23:45:29,124 [INFO] McuFinderGlobals:63 - Set McuFinder mode to 2 (CubeIDE integrated)
2024-12-18 23:45:29,124 [INFO] UserAuth:171 - activating auth plugin
2024-12-18 23:45:29,126 [INFO] UserAuth:486 - Internet connection configuration mode: 1
2024-12-18 23:45:29,138 [INFO] JxBrowserEngine:152 - Initiate JxBrowser Engine with user profile folder
2024-12-18 23:45:29,269 [INFO] CheckServerUpdateThread:120 - End of CheckServer Thread
2024-12-18 23:45:29,793 [INFO] WebApp:168 - Instantiating new browser for Auth
2024-12-18 23:45:30,327 [INFO] WebApp:449 - Apply proxy settings
2024-12-18 23:45:30,327 [INFO] WebApp:534 - Chromium requires no authentication
2024-12-18 23:45:30,332 [INFO] WebApp:477 - Direct internet connection detected
2024-12-18 23:45:30,348 [INFO] WebApp:880 - Register for checkConnection events
2024-12-18 23:45:30,348 [INFO] WebApp:449 - Apply proxy settings
2024-12-18 23:45:30,349 [INFO] WebApp:534 - Chromium requires no authentication
2024-12-18 23:45:30,349 [INFO] WebApp:477 - Direct internet connection detected
2024-12-18 23:45:30,459 [INFO] WebApp:221 - Starting web application
2024-12-18 23:45:30,459 [INFO] WebApp:579 - Web application path used /opt/st/stm32cubeide_1.17.0/plugins/com.st.stm32cube.common.mx_6.13.0.202411220809/db/plugins/mcufinder/reactClient1/index.html
2024-12-18 23:45:30,683 [INFO] WebApp:187 - Connection restablished
2024-12-18 23:45:30,949 [WARN] PackLoader:240 - Cannot read IP mode file for STMicroelectronics.FP-SNS-MOTENVWB1.1.4.0
2024-12-18 23:45:30,958 [WARN] PackLoader:240 - Cannot read IP mode file for STMicroelectronics.X-CUBE-SMBUS.2.1.0
2024-12-18 23:45:30,962 [WARN] PackLoader:240 - Cannot read IP mode file for STMicroelectronics.FP-SNS-FLIGHT1.5.0.2
2024-12-18 23:45:30,972 [WARN] PackLoader:240 - Cannot read IP mode file for STMicroelectronics.X-CUBE-DISPLAY.3.0.0
2024-12-18 23:45:30,985 [WARN] PackLoader:240 - Cannot read IP mode file for STMicroelectronics.X-CUBE-BLE1.7.0.0
2024-12-18 23:45:31,003 [WARN] PackLoader:240 - Cannot read IP mode file for STMicroelectronics.X-CUBE-NFC10.1.0.0
2024-12-18 23:45:31,008 [WARN] PackLoader:240 - Cannot read IP mode file for STMicroelectronics.FP-SNS-SMARTAG2.1.2.0
2024-12-18 23:45:31,012 [WARN] PackLoader:240 - Cannot read IP mode file for STMicroelectronics.FP-SNS-MOTENV1.5.0.0
2024-12-18 23:45:31,016 [WARN] PackLoader:240 - Cannot read IP mode file for STMicroelectronics.X-CUBE-BLE2.3.3.0
2024-12-18 23:45:31,022 [WARN] PackLoader:240 - Cannot read IP mode file for STMicroelectronics.X-CUBE-NFC9.1.0.0
2024-12-18 23:45:31,028 [WARN] PackLoader:240 - Cannot read IP mode file for STMicroelectronics.X-CUBE-SAFEA1.1.2.2
2024-12-18 23:45:31,033 [WARN] PackLoader:240 - Cannot read IP mode file for STMicroelectronics.X-CUBE-NFC4.3.0.0
2024-12-18 23:45:31,037 [WARN] PackLoader:240 - Cannot read IP mode file for STMicroelectronics.FP-ATR-SIGFOX1.3.2.0
2024-12-18 23:45:31,041 [WARN] PackLoader:240 - Cannot read IP mode file for STMicroelectronics.X-CUBE-EEPRMA1.5.1.0
2024-12-18 23:45:31,047 [WARN] PackLoader:240 - Cannot read IP mode file for STMicroelectronics.X-CUBE-ALGOBUILD.1.4.0
2024-12-18 23:45:31,049 [WARN] PackLoader:240 - Cannot read IP mode file for STMicroelectronics.X-CUBE-AI.9.1.0
2024-12-18 23:45:31,062 [WARN] PackLoader:240 - Cannot read IP mode file for STMicroelectronics.X-CUBE-AZRTOS-F4.1.1.0
2024-12-18 23:45:31,068 [WARN] PackLoader:240 - Cannot read IP mode file for STMicroelectronics.X-CUBE-ISPU.2.1.0
2024-12-18 23:45:31,073 [WARN] PackLoader:240 - Cannot read IP mode file for STMicroelectronics.X-CUBE-NFC6.3.1.0
2024-12-18 23:45:31,078 [WARN] PackLoader:240 - Cannot read IP mode file for STMicroelectronics.X-CUBE-DPower.1.2.0
2024-12-18 23:45:31,082 [WARN] PackLoader:240 - Cannot read IP mode file for STMicroelectronics.X-CUBE-NFC7.1.0.1
2024-12-18 23:45:31,089 [WARN] PackLoader:240 - Cannot read IP mode file for STMicroelectronics.X-CUBE-SFXS2LP1.4.0.0
2024-12-18 23:45:31,113 [WARN] PackLoader:240 - Cannot read IP mode file for STMicroelectronics.X-CUBE-AZRTOS-H7.3.3.0
2024-12-18 23:45:31,122 [WARN] PackLoader:240 - Cannot read IP mode file for STMicroelectronics.X-CUBE-IPS.3.0.0
2024-12-18 23:45:31,129 [WARN] PackLoader:240 - Cannot read IP mode file for STMicroelectronics.FP-SNS-STBOX1.2.0.0
2024-12-18 23:45:31,138 [WARN] PackLoader:240 - Cannot read IP mode file for STMicroelectronics.X-CUBE-SUBG2.5.0.0
2024-12-18 23:45:31,148 [WARN] PackLoader:240 - Cannot read IP mode file for STMicroelectronics.X-CUBE-ALS.1.0.2
2024-12-18 23:45:31,152 [WARN] PackLoader:240 - Cannot read IP mode file for STMicroelectronics.X-CUBE-TOUCHGFX.4.24.1
2024-12-18 23:45:31,171 [WARN] PackLoader:240 - Cannot read IP mode file for STMicroelectronics.X-CUBE-AZRTOS-H7RS.1.0.0
2024-12-18 23:45:31,179 [WARN] PackLoader:240 - Cannot read IP mode file for STMicroelectronics.X-CUBE-TOF1.3.4.2
2024-12-18 23:45:31,188 [INFO] ThirdParty:978 - Integrity check success = true
2024-12-18 23:45:31,188 [INFO] IntegrityCheckThread:100 - exiting critical section [integrity check]
2024-12-18 23:45:31,188 [INFO] IntegrityCheckThread:103 - End integrity checks thread
2024-12-18 23:45:56,418 [ERROR] LogOutputStream:75 - [STDERR_REDIRECT] Dec 18, 2024 11:45:56 PM java.util.prefs.FileSystemPreferences checkLockFile0ErrorCode
2024-12-18 23:45:56,419 [ERROR] LogOutputStream:75 - [STDERR_REDIRECT] WARNING: Could not lock System prefs. Unix error code 2.
2024-12-18 23:45:56,419 [ERROR] LogOutputStream:75 - [STDERR_REDIRECT] 
2024-12-18 23:45:56,420 [ERROR] LogOutputStream:75 - [STDERR_REDIRECT] Dec 18, 2024 11:45:56 PM java.util.prefs.FileSystemPreferences syncWorld
2024-12-18 23:45:56,420 [ERROR] LogOutputStream:75 - [STDERR_REDIRECT] WARNING: Couldn't flush system prefs: java.util.prefs.BackingStoreException: Couldn't get file lock.
2024-12-18 23:45:56,420 [ERROR] LogOutputStream:75 - [STDERR_REDIRECT] 
2024-12-18 23:46:26,407 [ERROR] LogOutputStream:75 - [STDERR_REDIRECT] Dec 18, 2024 11:46:26 PM java.util.prefs.FileSystemPreferences checkLockFile0ErrorCode
2024-12-18 23:46:26,407 [ERROR] LogOutputStream:75 - [STDERR_REDIRECT] WARNING: Could not lock System prefs. Unix error code 2.
2024-12-18 23:46:26,407 [ERROR] LogOutputStream:75 - [STDERR_REDIRECT] 
2024-12-18 23:46:26,408 [ERROR] LogOutputStream:75 - [STDERR_REDIRECT] Dec 18, 2024 11:46:26 PM java.util.prefs.FileSystemPreferences syncWorld
2024-12-18 23:46:26,408 [ERROR] LogOutputStream:75 - [STDERR_REDIRECT] WARNING: Couldn't flush system prefs: java.util.prefs.BackingStoreException: Couldn't get file lock.
2024-12-18 23:46:26,408 [ERROR] LogOutputStream:75 - [STDERR_REDIRECT] 
2024-12-18 23:46:56,408 [ERROR] LogOutputStream:75 - [STDERR_REDIRECT] Dec 18, 2024 11:46:56 PM java.util.prefs.FileSystemPreferences checkLockFile0ErrorCode
2024-12-18 23:46:56,409 [ERROR] LogOutputStream:75 - [STDERR_REDIRECT] WARNING: Could not lock System prefs. Unix error code 2.
2024-12-18 23:46:56,410 [ERROR] LogOutputStream:75 - [STDERR_REDIRECT] 
2024-12-18 23:46:56,411 [ERROR] LogOutputStream:75 - [STDERR_REDIRECT] Dec 18, 2024 11:46:56 PM java.util.prefs.FileSystemPreferences syncWorld
2024-12-18 23:46:56,412 [ERROR] LogOutputStream:75 - [STDERR_REDIRECT] WARNING: Couldn't flush system prefs: java.util.prefs.BackingStoreException: Couldn't get file lock.
2024-12-18 23:46:56,412 [ERROR] LogOutputStream:75 - [STDERR_REDIRECT] 
2024-12-18 23:47:26,408 [ERROR] LogOutputStream:75 - [STDERR_REDIRECT] Dec 18, 2024 11:47:26 PM java.util.prefs.FileSystemPreferences checkLockFile0ErrorCode
2024-12-18 23:47:26,408 [ERROR] LogOutputStream:75 - [STDERR_REDIRECT] WARNING: Could not lock System prefs. Unix error code 2.
2024-12-18 23:47:26,409 [ERROR] LogOutputStream:75 - [STDERR_REDIRECT] 
2024-12-18 23:47:26,409 [ERROR] LogOutputStream:75 - [STDERR_REDIRECT] Dec 18, 2024 11:47:26 PM java.util.prefs.FileSystemPreferences syncWorld
2024-12-18 23:47:26,409 [ERROR] LogOutputStream:75 - [STDERR_REDIRECT] WARNING: Couldn't flush system prefs: java.util.prefs.BackingStoreException: Couldn't get file lock.
2024-12-18 23:47:26,409 [ERROR] LogOutputStream:75 - [STDERR_REDIRECT] 
2024-12-18 23:47:56,408 [ERROR] LogOutputStream:75 - [STDERR_REDIRECT] Dec 18, 2024 11:47:56 PM java.util.prefs.FileSystemPreferences checkLockFile0ErrorCode
2024-12-18 23:47:56,409 [ERROR] LogOutputStream:75 - [STDERR_REDIRECT] WARNING: Could not lock System prefs. Unix error code 2.
2024-12-18 23:47:56,409 [ERROR] LogOutputStream:75 - [STDERR_REDIRECT] 
2024-12-18 23:47:56,410 [ERROR] LogOutputStream:75 - [STDERR_REDIRECT] Dec 18, 2024 11:47:56 PM java.util.prefs.FileSystemPreferences syncWorld
2024-12-18 23:47:56,411 [ERROR] LogOutputStream:75 - [STDERR_REDIRECT] WARNING: Couldn't flush system prefs: java.util.prefs.BackingStoreException: Couldn't get file lock.
2024-12-18 23:47:56,411 [ERROR] LogOutputStream:75 - [STDERR_REDIRECT] 
2024-12-18 23:48:26,407 [ERROR] LogOutputStream:75 - [STDERR_REDIRECT] Dec 18, 2024 11:48:26 PM java.util.prefs.FileSystemPreferences checkLockFile0ErrorCode
2024-12-18 23:48:26,408 [ERROR] LogOutputStream:75 - [STDERR_REDIRECT] WARNING: Could not lock System prefs. Unix error code 2.
2024-12-18 23:48:26,408 [ERROR] LogOutputStream:75 - [STDERR_REDIRECT] 
2024-12-18 23:48:26,408 [ERROR] LogOutputStream:75 - [STDERR_REDIRECT] Dec 18, 2024 11:48:26 PM java.util.prefs.FileSystemPreferences syncWorld
2024-12-18 23:48:26,408 [ERROR] LogOutputStream:75 - [STDERR_REDIRECT] WARNING: Couldn't flush system prefs: java.util.prefs.BackingStoreException: Couldn't get file lock.
2024-12-18 23:48:26,408 [ERROR] LogOutputStream:75 - [STDERR_REDIRECT] 
2024-12-18 23:48:56,408 [ERROR] LogOutputStream:75 - [STDERR_REDIRECT] Dec 18, 2024 11:48:56 PM java.util.prefs.FileSystemPreferences checkLockFile0ErrorCode
2024-12-18 23:48:56,409 [ERROR] LogOutputStream:75 - [STDERR_REDIRECT] WARNING: Could not lock System prefs. Unix error code 2.
2024-12-18 23:48:56,409 [ERROR] LogOutputStream:75 - [STDERR_REDIRECT] 
2024-12-18 23:48:56,410 [ERROR] LogOutputStream:75 - [STDERR_REDIRECT] Dec 18, 2024 11:48:56 PM java.util.prefs.FileSystemPreferences syncWorld
2024-12-18 23:48:56,411 [ERROR] LogOutputStream:75 - [STDERR_REDIRECT] WARNING: Couldn't flush system prefs: java.util.prefs.BackingStoreException: Couldn't get file lock.
2024-12-18 23:48:56,411 [ERROR] LogOutputStream:75 - [STDERR_REDIRECT] 
2024-12-18 23:49:26,409 [ERROR] LogOutputStream:75 - [STDERR_REDIRECT] Dec 18, 2024 11:49:26 PM java.util.prefs.FileSystemPreferences checkLockFile0ErrorCode
2024-12-18 23:49:26,410 [ERROR] LogOutputStream:75 - [STDERR_REDIRECT] WARNING: Could not lock System prefs. Unix error code 2.
2024-12-18 23:49:26,411 [ERROR] LogOutputStream:75 - [STDERR_REDIRECT] 
2024-12-18 23:49:26,412 [ERROR] LogOutputStream:75 - [STDERR_REDIRECT] Dec 18, 2024 11:49:26 PM java.util.prefs.FileSystemPreferences syncWorld
2024-12-18 23:49:26,412 [ERROR] LogOutputStream:75 - [STDERR_REDIRECT] WARNING: Couldn't flush system prefs: java.util.prefs.BackingStoreException: Couldn't get file lock.
2024-12-18 23:49:26,412 [ERROR] LogOutputStream:75 - [STDERR_REDIRECT] 
2024-12-18 23:49:56,408 [ERROR] LogOutputStream:75 - [STDERR_REDIRECT] Dec 18, 2024 11:49:56 PM java.util.prefs.FileSystemPreferences checkLockFile0ErrorCode
2024-12-18 23:49:56,408 [ERROR] LogOutputStream:75 - [STDERR_REDIRECT] WARNING: Could not lock System prefs. Unix error code 2.
2024-12-18 23:49:56,408 [ERROR] LogOutputStream:75 - [STDERR_REDIRECT] 
2024-12-18 23:49:56,408 [ERROR] LogOutputStream:75 - [STDERR_REDIRECT] Dec 18, 2024 11:49:56 PM java.util.prefs.FileSystemPreferences syncWorld
2024-12-18 23:49:56,408 [ERROR] LogOutputStream:75 - [STDERR_REDIRECT] WARNING: Couldn't flush system prefs: java.util.prefs.BackingStoreException: Couldn't get file lock.
2024-12-18 23:49:56,408 [ERROR] LogOutputStream:75 - [STDERR_REDIRECT] 
2024-12-18 23:50:26,410 [ERROR] LogOutputStream:75 - [STDERR_REDIRECT] Dec 18, 2024 11:50:26 PM java.util.prefs.FileSystemPreferences checkLockFile0ErrorCode
2024-12-18 23:50:26,411 [ERROR] LogOutputStream:75 - [STDERR_REDIRECT] WARNING: Could not lock System prefs. Unix error code 2.
2024-12-18 23:50:26,412 [ERROR] LogOutputStream:75 - [STDERR_REDIRECT] 
2024-12-18 23:50:26,413 [ERROR] LogOutputStream:75 - [STDERR_REDIRECT] Dec 18, 2024 11:50:26 PM java.util.prefs.FileSystemPreferences syncWorld
2024-12-18 23:50:26,414 [ERROR] LogOutputStream:75 - [STDERR_REDIRECT] WARNING: Couldn't flush system prefs: java.util.prefs.BackingStoreException: Couldn't get file lock.
2024-12-18 23:50:26,414 [ERROR] LogOutputStream:75 - [STDERR_REDIRECT] 
2024-12-18 23:50:56,410 [ERROR] LogOutputStream:75 - [STDERR_REDIRECT] Dec 18, 2024 11:50:56 PM java.util.prefs.FileSystemPreferences checkLockFile0ErrorCode
2024-12-18 23:50:56,411 [ERROR] LogOutputStream:75 - [STDERR_REDIRECT] WARNING: Could not lock System prefs. Unix error code 2.
2024-12-18 23:50:56,411 [ERROR] LogOutputStream:75 - [STDERR_REDIRECT] 
2024-12-18 23:50:56,412 [ERROR] LogOutputStream:75 - [STDERR_REDIRECT] Dec 18, 2024 11:50:56 PM java.util.prefs.FileSystemPreferences syncWorld
2024-12-18 23:50:56,413 [ERROR] LogOutputStream:75 - [STDERR_REDIRECT] WARNING: Couldn't flush system prefs: java.util.prefs.BackingStoreException: Couldn't get file lock.
2024-12-18 23:50:56,414 [ERROR] LogOutputStream:75 - [STDERR_REDIRECT] 
2024-12-18 23:51:26,408 [ERROR] LogOutputStream:75 - [STDERR_REDIRECT] Dec 18, 2024 11:51:26 PM java.util.prefs.FileSystemPreferences checkLockFile0ErrorCode
2024-12-18 23:51:26,408 [ERROR] LogOutputStream:75 - [STDERR_REDIRECT] WARNING: Could not lock System prefs. Unix error code 2.
2024-12-18 23:51:26,409 [ERROR] LogOutputStream:75 - [STDERR_REDIRECT] 
2024-12-18 23:51:26,409 [ERROR] LogOutputStream:75 - [STDERR_REDIRECT] Dec 18, 2024 11:51:26 PM java.util.prefs.FileSystemPreferences syncWorld
2024-12-18 23:51:26,409 [ERROR] LogOutputStream:75 - [STDERR_REDIRECT] WARNING: Couldn't flush system prefs: java.util.prefs.BackingStoreException: Couldn't get file lock.
2024-12-18 23:51:26,409 [ERROR] LogOutputStream:75 - [STDERR_REDIRECT] 
2024-12-18 23:51:56,410 [ERROR] LogOutputStream:75 - [STDERR_REDIRECT] Dec 18, 2024 11:51:56 PM java.util.prefs.FileSystemPreferences checkLockFile0ErrorCode
2024-12-18 23:51:56,411 [ERROR] LogOutputStream:75 - [STDERR_REDIRECT] WARNING: Could not lock System prefs. Unix error code 2.
2024-12-18 23:51:56,411 [ERROR] LogOutputStream:75 - [STDERR_REDIRECT] 
2024-12-18 23:51:56,412 [ERROR] LogOutputStream:75 - [STDERR_REDIRECT] Dec 18, 2024 11:51:56 PM java.util.prefs.FileSystemPreferences syncWorld
2024-12-18 23:51:56,413 [ERROR] LogOutputStream:75 - [STDERR_REDIRECT] WARNING: Couldn't flush system prefs: java.util.prefs.BackingStoreException: Couldn't get file lock.
2024-12-18 23:51:56,413 [ERROR] LogOutputStream:75 - [STDERR_REDIRECT] 
2024-12-18 23:52:26,410 [ERROR] LogOutputStream:75 - [STDERR_REDIRECT] Dec 18, 2024 11:52:26 PM java.util.prefs.FileSystemPreferences checkLockFile0ErrorCode
2024-12-18 23:52:26,410 [ERROR] LogOutputStream:75 - [STDERR_REDIRECT] WARNING: Could not lock System prefs. Unix error code 2.
2024-12-18 23:52:26,411 [ERROR] LogOutputStream:75 - [STDERR_REDIRECT] 
2024-12-18 23:52:26,412 [ERROR] LogOutputStream:75 - [STDERR_REDIRECT] Dec 18, 2024 11:52:26 PM java.util.prefs.FileSystemPreferences syncWorld
2024-12-18 23:52:26,413 [ERROR] LogOutputStream:75 - [STDERR_REDIRECT] WARNING: Couldn't flush system prefs: java.util.prefs.BackingStoreException: Couldn't get file lock.
2024-12-18 23:52:26,413 [ERROR] LogOutputStream:75 - [STDERR_REDIRECT] 
2024-12-18 23:52:56,410 [ERROR] LogOutputStream:75 - [STDERR_REDIRECT] Dec 18, 2024 11:52:56 PM java.util.prefs.FileSystemPreferences checkLockFile0ErrorCode
2024-12-18 23:52:56,411 [ERROR] LogOutputStream:75 - [STDERR_REDIRECT] WARNING: Could not lock System prefs. Unix error code 2.
2024-12-18 23:52:56,411 [ERROR] LogOutputStream:75 - [STDERR_REDIRECT] 
2024-12-18 23:52:56,412 [ERROR] LogOutputStream:75 - [STDERR_REDIRECT] Dec 18, 2024 11:52:56 PM java.util.prefs.FileSystemPreferences syncWorld
2024-12-18 23:52:56,413 [ERROR] LogOutputStream:75 - [STDERR_REDIRECT] WARNING: Couldn't flush system prefs: java.util.prefs.BackingStoreException: Couldn't get file lock.
2024-12-18 23:52:56,413 [ERROR] LogOutputStream:75 - [STDERR_REDIRECT] 
2024-12-18 23:53:26,410 [ERROR] LogOutputStream:75 - [STDERR_REDIRECT] Dec 18, 2024 11:53:26 PM java.util.prefs.FileSystemPreferences checkLockFile0ErrorCode
2024-12-18 23:53:26,411 [ERROR] LogOutputStream:75 - [STDERR_REDIRECT] WARNING: Could not lock System prefs. Unix error code 2.
2024-12-18 23:53:26,412 [ERROR] LogOutputStream:75 - [STDERR_REDIRECT] 
2024-12-18 23:53:26,413 [ERROR] LogOutputStream:75 - [STDERR_REDIRECT] Dec 18, 2024 11:53:26 PM java.util.prefs.FileSystemPreferences syncWorld
2024-12-18 23:53:26,413 [ERROR] LogOutputStream:75 - [STDERR_REDIRECT] WARNING: Couldn't flush system prefs: java.util.prefs.BackingStoreException: Couldn't get file lock.
2024-12-18 23:53:26,413 [ERROR] LogOutputStream:75 - [STDERR_REDIRECT] 
2024-12-18 23:53:56,410 [ERROR] LogOutputStream:75 - [STDERR_REDIRECT] Dec 18, 2024 11:53:56 PM java.util.prefs.FileSystemPreferences checkLockFile0ErrorCode
2024-12-18 23:53:56,411 [ERROR] LogOutputStream:75 - [STDERR_REDIRECT] WARNING: Could not lock System prefs. Unix error code 2.
2024-12-18 23:53:56,411 [ERROR] LogOutputStream:75 - [STDERR_REDIRECT] 
2024-12-18 23:53:56,413 [ERROR] LogOutputStream:75 - [STDERR_REDIRECT] Dec 18, 2024 11:53:56 PM java.util.prefs.FileSystemPreferences syncWorld
2024-12-18 23:53:56,413 [ERROR] LogOutputStream:75 - [STDERR_REDIRECT] WARNING: Couldn't flush system prefs: java.util.prefs.BackingStoreException: Couldn't get file lock.
2024-12-18 23:53:56,414 [ERROR] LogOutputStream:75 - [STDERR_REDIRECT] 
2024-12-18 23:54:26,409 [ERROR] LogOutputStream:75 - [STDERR_REDIRECT] Dec 18, 2024 11:54:26 PM java.util.prefs.FileSystemPreferences checkLockFile0ErrorCode
2024-12-18 23:54:26,409 [ERROR] LogOutputStream:75 - [STDERR_REDIRECT] WARNING: Could not lock System prefs. Unix error code 2.
2024-12-18 23:54:26,410 [ERROR] LogOutputStream:75 - [STDERR_REDIRECT] 
2024-12-18 23:54:26,410 [ERROR] LogOutputStream:75 - [STDERR_REDIRECT] Dec 18, 2024 11:54:26 PM java.util.prefs.FileSystemPreferences syncWorld
2024-12-18 23:54:26,410 [ERROR] LogOutputStream:75 - [STDERR_REDIRECT] WARNING: Couldn't flush system prefs: java.util.prefs.BackingStoreException: Couldn't get file lock.
2024-12-18 23:54:26,410 [ERROR] LogOutputStream:75 - [STDERR_REDIRECT] 
2024-12-18 23:54:56,410 [ERROR] LogOutputStream:75 - [STDERR_REDIRECT] Dec 18, 2024 11:54:56 PM java.util.prefs.FileSystemPreferences checkLockFile0ErrorCode
2024-12-18 23:54:56,411 [ERROR] LogOutputStream:75 - [STDERR_REDIRECT] WARNING: Could not lock System prefs. Unix error code 2.
2024-12-18 23:54:56,411 [ERROR] LogOutputStream:75 - [STDERR_REDIRECT] 
2024-12-18 23:54:56,412 [ERROR] LogOutputStream:75 - [STDERR_REDIRECT] Dec 18, 2024 11:54:56 PM java.util.prefs.FileSystemPreferences syncWorld
2024-12-18 23:54:56,413 [ERROR] LogOutputStream:75 - [STDERR_REDIRECT] WARNING: Couldn't flush system prefs: java.util.prefs.BackingStoreException: Couldn't get file lock.
2024-12-18 23:54:56,413 [ERROR] LogOutputStream:75 - [STDERR_REDIRECT] 
2024-12-18 23:55:26,411 [ERROR] LogOutputStream:75 - [STDERR_REDIRECT] Dec 18, 2024 11:55:26 PM java.util.prefs.FileSystemPreferences checkLockFile0ErrorCode
2024-12-18 23:55:26,411 [ERROR] LogOutputStream:75 - [STDERR_REDIRECT] WARNING: Could not lock System prefs. Unix error code 2.
2024-12-18 23:55:26,412 [ERROR] LogOutputStream:75 - [STDERR_REDIRECT] 
2024-12-18 23:55:26,413 [ERROR] LogOutputStream:75 - [STDERR_REDIRECT] Dec 18, 2024 11:55:26 PM java.util.prefs.FileSystemPreferences syncWorld
2024-12-18 23:55:26,413 [ERROR] LogOutputStream:75 - [STDERR_REDIRECT] WARNING: Couldn't flush system prefs: java.util.prefs.BackingStoreException: Couldn't get file lock.
2024-12-18 23:55:26,414 [ERROR] LogOutputStream:75 - [STDERR_REDIRECT] 
2024-12-18 23:55:56,409 [ERROR] LogOutputStream:75 - [STDERR_REDIRECT] Dec 18, 2024 11:55:56 PM java.util.prefs.FileSystemPreferences checkLockFile0ErrorCode
2024-12-18 23:55:56,409 [ERROR] LogOutputStream:75 - [STDERR_REDIRECT] WARNING: Could not lock System prefs. Unix error code 2.
2024-12-18 23:55:56,410 [ERROR] LogOutputStream:75 - [STDERR_REDIRECT] 
2024-12-18 23:55:56,410 [ERROR] LogOutputStream:75 - [STDERR_REDIRECT] Dec 18, 2024 11:55:56 PM java.util.prefs.FileSystemPreferences syncWorld
2024-12-18 23:55:56,410 [ERROR] LogOutputStream:75 - [STDERR_REDIRECT] WARNING: Couldn't flush system prefs: java.util.prefs.BackingStoreException: Couldn't get file lock.
2024-12-18 23:55:56,410 [ERROR] LogOutputStream:75 - [STDERR_REDIRECT] 
2024-12-18 23:56:26,410 [ERROR] LogOutputStream:75 - [STDERR_REDIRECT] Dec 18, 2024 11:56:26 PM java.util.prefs.FileSystemPreferences checkLockFile0ErrorCode
2024-12-18 23:56:26,411 [ERROR] LogOutputStream:75 - [STDERR_REDIRECT] WARNING: Could not lock System prefs. Unix error code 2.
2024-12-18 23:56:26,411 [ERROR] LogOutputStream:75 - [STDERR_REDIRECT] 
2024-12-18 23:56:26,412 [ERROR] LogOutputStream:75 - [STDERR_REDIRECT] Dec 18, 2024 11:56:26 PM java.util.prefs.FileSystemPreferences syncWorld
2024-12-18 23:56:26,412 [ERROR] LogOutputStream:75 - [STDERR_REDIRECT] WARNING: Couldn't flush system prefs: java.util.prefs.BackingStoreException: Couldn't get file lock.
2024-12-18 23:56:26,412 [ERROR] LogOutputStream:75 - [STDERR_REDIRECT] 
2024-12-18 23:56:56,410 [ERROR] LogOutputStream:75 - [STDERR_REDIRECT] Dec 18, 2024 11:56:56 PM java.util.prefs.FileSystemPreferences checkLockFile0ErrorCode
2024-12-18 23:56:56,411 [ERROR] LogOutputStream:75 - [STDERR_REDIRECT] WARNING: Could not lock System prefs. Unix error code 2.
2024-12-18 23:56:56,411 [ERROR] LogOutputStream:75 - [STDERR_REDIRECT] 
2024-12-18 23:56:56,412 [ERROR] LogOutputStream:75 - [STDERR_REDIRECT] Dec 18, 2024 11:56:56 PM java.util.prefs.FileSystemPreferences syncWorld
2024-12-18 23:56:56,413 [ERROR] LogOutputStream:75 - [STDERR_REDIRECT] WARNING: Couldn't flush system prefs: java.util.prefs.BackingStoreException: Couldn't get file lock.
2024-12-18 23:56:56,413 [ERROR] LogOutputStream:75 - [STDERR_REDIRECT] 
2024-12-18 23:57:26,409 [ERROR] LogOutputStream:75 - [STDERR_REDIRECT] Dec 18, 2024 11:57:26 PM java.util.prefs.FileSystemPreferences checkLockFile0ErrorCode
2024-12-18 23:57:26,410 [ERROR] LogOutputStream:75 - [STDERR_REDIRECT] WARNING: Could not lock System prefs. Unix error code 2.
2024-12-18 23:57:26,410 [ERROR] LogOutputStream:75 - [STDERR_REDIRECT] 
2024-12-18 23:57:26,411 [ERROR] LogOutputStream:75 - [STDERR_REDIRECT] Dec 18, 2024 11:57:26 PM java.util.prefs.FileSystemPreferences syncWorld
2024-12-18 23:57:26,411 [ERROR] LogOutputStream:75 - [STDERR_REDIRECT] WARNING: Couldn't flush system prefs: java.util.prefs.BackingStoreException: Couldn't get file lock.
2024-12-18 23:57:26,412 [ERROR] LogOutputStream:75 - [STDERR_REDIRECT] 
2024-12-18 23:57:56,410 [ERROR] LogOutputStream:75 - [STDERR_REDIRECT] Dec 18, 2024 11:57:56 PM java.util.prefs.FileSystemPreferences checkLockFile0ErrorCode
2024-12-18 23:57:56,410 [ERROR] LogOutputStream:75 - [STDERR_REDIRECT] WARNING: Could not lock System prefs. Unix error code 2.
2024-12-18 23:57:56,411 [ERROR] LogOutputStream:75 - [STDERR_REDIRECT] 
2024-12-18 23:57:56,411 [ERROR] LogOutputStream:75 - [STDERR_REDIRECT] Dec 18, 2024 11:57:56 PM java.util.prefs.FileSystemPreferences syncWorld
2024-12-18 23:57:56,412 [ERROR] LogOutputStream:75 - [STDERR_REDIRECT] WARNING: Couldn't flush system prefs: java.util.prefs.BackingStoreException: Couldn't get file lock.
2024-12-18 23:57:56,412 [ERROR] LogOutputStream:75 - [STDERR_REDIRECT] 
2024-12-18 23:58:26,409 [ERROR] LogOutputStream:75 - [STDERR_REDIRECT] Dec 18, 2024 11:58:26 PM java.util.prefs.FileSystemPreferences checkLockFile0ErrorCode
2024-12-18 23:58:26,409 [ERROR] LogOutputStream:75 - [STDERR_REDIRECT] WARNING: Could not lock System prefs. Unix error code 2.
2024-12-18 23:58:26,409 [ERROR] LogOutputStream:75 - [STDERR_REDIRECT] 
2024-12-18 23:58:26,410 [ERROR] LogOutputStream:75 - [STDERR_REDIRECT] Dec 18, 2024 11:58:26 PM java.util.prefs.FileSystemPreferences syncWorld
2024-12-18 23:58:26,410 [ERROR] LogOutputStream:75 - [STDERR_REDIRECT] WARNING: Couldn't flush system prefs: java.util.prefs.BackingStoreException: Couldn't get file lock.
2024-12-18 23:58:26,410 [ERROR] LogOutputStream:75 - [STDERR_REDIRECT] 
2024-12-18 23:58:56,410 [ERROR] LogOutputStream:75 - [STDERR_REDIRECT] Dec 18, 2024 11:58:56 PM java.util.prefs.FileSystemPreferences checkLockFile0ErrorCode
2024-12-18 23:58:56,410 [ERROR] LogOutputStream:75 - [STDERR_REDIRECT] WARNING: Could not lock System prefs. Unix error code 2.
2024-12-18 23:58:56,411 [ERROR] LogOutputStream:75 - [STDERR_REDIRECT] 
2024-12-18 23:58:56,413 [ERROR] LogOutputStream:75 - [STDERR_REDIRECT] Dec 18, 2024 11:58:56 PM java.util.prefs.FileSystemPreferences syncWorld
2024-12-18 23:58:56,413 [ERROR] LogOutputStream:75 - [STDERR_REDIRECT] WARNING: Couldn't flush system prefs: java.util.prefs.BackingStoreException: Couldn't get file lock.
2024-12-18 23:58:56,414 [ERROR] LogOutputStream:75 - [STDERR_REDIRECT] 
2024-12-18 23:59:26,410 [ERROR] LogOutputStream:75 - [STDERR_REDIRECT] Dec 18, 2024 11:59:26 PM java.util.prefs.FileSystemPreferences checkLockFile0ErrorCode
2024-12-18 23:59:26,410 [ERROR] LogOutputStream:75 - [STDERR_REDIRECT] WARNING: Could not lock System prefs. Unix error code 2.
2024-12-18 23:59:26,411 [ERROR] LogOutputStream:75 - [STDERR_REDIRECT] 
2024-12-18 23:59:26,411 [ERROR] LogOutputStream:75 - [STDERR_REDIRECT] Dec 18, 2024 11:59:26 PM java.util.prefs.FileSystemPreferences syncWorld
2024-12-18 23:59:26,412 [ERROR] LogOutputStream:75 - [STDERR_REDIRECT] WARNING: Couldn't flush system prefs: java.util.prefs.BackingStoreException: Couldn't get file lock.
2024-12-18 23:59:26,412 [ERROR] LogOutputStream:75 - [STDERR_REDIRECT] 
2024-12-18 23:59:56,410 [ERROR] LogOutputStream:75 - [STDERR_REDIRECT] Dec 18, 2024 11:59:56 PM java.util.prefs.FileSystemPreferences checkLockFile0ErrorCode
2024-12-18 23:59:56,411 [ERROR] LogOutputStream:75 - [STDERR_REDIRECT] WARNING: Could not lock System prefs. Unix error code 2.
2024-12-18 23:59:56,412 [ERROR] LogOutputStream:75 - [STDERR_REDIRECT] 
2024-12-18 23:59:56,413 [ERROR] LogOutputStream:75 - [STDERR_REDIRECT] Dec 18, 2024 11:59:56 PM java.util.prefs.FileSystemPreferences syncWorld
2024-12-18 23:59:56,413 [ERROR] LogOutputStream:75 - [STDERR_REDIRECT] WARNING: Couldn't flush system prefs: java.util.prefs.BackingStoreException: Couldn't get file lock.
2024-12-18 23:59:56,414 [ERROR] LogOutputStream:75 - [STDERR_REDIRECT] 
