16:29:41 **** Build of configuration Debug for project stm32f0 ****
make -j12 all 
arm-none-eabi-gcc -mcpu=cortex-m0 -g3 -DDEBUG -c -x assembler-with-cpp -MMD -MP -MF"Startup/startup_stm32f030f4px.d" -MT"Startup/startup_stm32f030f4px.o" --specs=nano.specs -mfloat-abi=soft -mthumb -o "Startup/startup_stm32f030f4px.o" "../Startup/startup_stm32f030f4px.s"
arm-none-eabi-gcc "../Src/drivers/peripherals/uart/uart.c" -mcpu=cortex-m0 -std=gnu11 -g3 -DDEBUG -DSTM32 -DSTM32F0 -DSTM32F030F4Px -DSTM32F030x6 -c -I../Inc -I/home/elias/STM32CubeIDE/Pulse_Counter/CMSIS/Include -I/home/elias/STM32CubeIDE/Pulse_Counter/CMSIS/Device/ST/STM32F0xx/Include -O0 -ffunction-sections -fdata-sections -Wall -fstack-usage -fcyclomatic-complexity -MMD -MP -MF"Src/drivers/peripherals/uart/uart.d" -MT"Src/drivers/peripherals/uart/uart.o" --specs=nano.specs -mfloat-abi=soft -mthumb -o "Src/drivers/peripherals/uart/uart.o"
arm-none-eabi-gcc "../Src/drivers/peripherals/timer/timer.c" -mcpu=cortex-m0 -std=gnu11 -g3 -DDEBUG -DSTM32 -DSTM32F0 -DSTM32F030F4Px -DSTM32F030x6 -c -I../Inc -I/home/elias/STM32CubeIDE/Pulse_Counter/CMSIS/Include -I/home/elias/STM32CubeIDE/Pulse_Counter/CMSIS/Device/ST/STM32F0xx/Include -O0 -ffunction-sections -fdata-sections -Wall -fstack-usage -fcyclomatic-complexity -MMD -MP -MF"Src/drivers/peripherals/timer/timer.d" -MT"Src/drivers/peripherals/timer/timer.o" --specs=nano.specs -mfloat-abi=soft -mthumb -o "Src/drivers/peripherals/timer/timer.o"
arm-none-eabi-gcc "../Src/drivers/peripherals/spi/spi.c" -mcpu=cortex-m0 -std=gnu11 -g3 -DDEBUG -DSTM32 -DSTM32F0 -DSTM32F030F4Px -DSTM32F030x6 -c -I../Inc -I/home/elias/STM32CubeIDE/Pulse_Counter/CMSIS/Include -I/home/elias/STM32CubeIDE/Pulse_Counter/CMSIS/Device/ST/STM32F0xx/Include -O0 -ffunction-sections -fdata-sections -Wall -fstack-usage -fcyclomatic-complexity -MMD -MP -MF"Src/drivers/peripherals/spi/spi.d" -MT"Src/drivers/peripherals/spi/spi.o" --specs=nano.specs -mfloat-abi=soft -mthumb -o "Src/drivers/peripherals/spi/spi.o"
arm-none-eabi-gcc "../Src/drivers/peripherals/gpio/gpio.c" -mcpu=cortex-m0 -std=gnu11 -g3 -DDEBUG -DSTM32 -DSTM32F0 -DSTM32F030F4Px -DSTM32F030x6 -c -I../Inc -I/home/elias/STM32CubeIDE/Pulse_Counter/CMSIS/Include -I/home/elias/STM32CubeIDE/Pulse_Counter/CMSIS/Device/ST/STM32F0xx/Include -O0 -ffunction-sections -fdata-sections -Wall -fstack-usage -fcyclomatic-complexity -MMD -MP -MF"Src/drivers/peripherals/gpio/gpio.d" -MT"Src/drivers/peripherals/gpio/gpio.o" --specs=nano.specs -mfloat-abi=soft -mthumb -o "Src/drivers/peripherals/gpio/gpio.o"
arm-none-eabi-gcc "../Src/drivers/mfrc522/mfrc522.c" -mcpu=cortex-m0 -std=gnu11 -g3 -DDEBUG -DSTM32 -DSTM32F0 -DSTM32F030F4Px -DSTM32F030x6 -c -I../Inc -I/home/elias/STM32CubeIDE/Pulse_Counter/CMSIS/Include -I/home/elias/STM32CubeIDE/Pulse_Counter/CMSIS/Device/ST/STM32F0xx/Include -O0 -ffunction-sections -fdata-sections -Wall -fstack-usage -fcyclomatic-complexity -MMD -MP -MF"Src/drivers/mfrc522/mfrc522.d" -MT"Src/drivers/mfrc522/mfrc522.o" --specs=nano.specs -mfloat-abi=soft -mthumb -o "Src/drivers/mfrc522/mfrc522.o"
arm-none-eabi-gcc "../Src/drivers/lorawan_module/lorawan.c" -mcpu=cortex-m0 -std=gnu11 -g3 -DDEBUG -DSTM32 -DSTM32F0 -DSTM32F030F4Px -DSTM32F030x6 -c -I../Inc -I/home/elias/STM32CubeIDE/Pulse_Counter/CMSIS/Include -I/home/elias/STM32CubeIDE/Pulse_Counter/CMSIS/Device/ST/STM32F0xx/Include -O0 -ffunction-sections -fdata-sections -Wall -fstack-usage -fcyclomatic-complexity -MMD -MP -MF"Src/drivers/lorawan_module/lorawan.d" -MT"Src/drivers/lorawan_module/lorawan.o" --specs=nano.specs -mfloat-abi=soft -mthumb -o "Src/drivers/lorawan_module/lorawan.o"
arm-none-eabi-gcc "../Src/drivers/hc_sr04/hc_sr04.c" -mcpu=cortex-m0 -std=gnu11 -g3 -DDEBUG -DSTM32 -DSTM32F0 -DSTM32F030F4Px -DSTM32F030x6 -c -I../Inc -I/home/elias/STM32CubeIDE/Pulse_Counter/CMSIS/Include -I/home/elias/STM32CubeIDE/Pulse_Counter/CMSIS/Device/ST/STM32F0xx/Include -O0 -ffunction-sections -fdata-sections -Wall -fstack-usage -fcyclomatic-complexity -MMD -MP -MF"Src/drivers/hc_sr04/hc_sr04.d" -MT"Src/drivers/hc_sr04/hc_sr04.o" --specs=nano.specs -mfloat-abi=soft -mthumb -o "Src/drivers/hc_sr04/hc_sr04.o"
arm-none-eabi-gcc "../Src/main.c" -mcpu=cortex-m0 -std=gnu11 -g3 -DDEBUG -DSTM32 -DSTM32F0 -DSTM32F030F4Px -DSTM32F030x6 -c -I../Inc -I/home/elias/STM32CubeIDE/Pulse_Counter/CMSIS/Include -I/home/elias/STM32CubeIDE/Pulse_Counter/CMSIS/Device/ST/STM32F0xx/Include -O0 -ffunction-sections -fdata-sections -Wall -fstack-usage -fcyclomatic-complexity -MMD -MP -MF"Src/main.d" -MT"Src/main.o" --specs=nano.specs -mfloat-abi=soft -mthumb -o "Src/main.o"
arm-none-eabi-gcc "../Src/syscalls.c" -mcpu=cortex-m0 -std=gnu11 -g3 -DDEBUG -DSTM32 -DSTM32F0 -DSTM32F030F4Px -DSTM32F030x6 -c -I../Inc -I/home/elias/STM32CubeIDE/Pulse_Counter/CMSIS/Include -I/home/elias/STM32CubeIDE/Pulse_Counter/CMSIS/Device/ST/STM32F0xx/Include -O0 -ffunction-sections -fdata-sections -Wall -fstack-usage -fcyclomatic-complexity -MMD -MP -MF"Src/syscalls.d" -MT"Src/syscalls.o" --specs=nano.specs -mfloat-abi=soft -mthumb -o "Src/syscalls.o"
arm-none-eabi-gcc "../Src/sysmem.c" -mcpu=cortex-m0 -std=gnu11 -g3 -DDEBUG -DSTM32 -DSTM32F0 -DSTM32F030F4Px -DSTM32F030x6 -c -I../Inc -I/home/elias/STM32CubeIDE/Pulse_Counter/CMSIS/Include -I/home/elias/STM32CubeIDE/Pulse_Counter/CMSIS/Device/ST/STM32F0xx/Include -O0 -ffunction-sections -fdata-sections -Wall -fstack-usage -fcyclomatic-complexity -MMD -MP -MF"Src/sysmem.d" -MT"Src/sysmem.o" --specs=nano.specs -mfloat-abi=soft -mthumb -o "Src/sysmem.o"
arm-none-eabi-gcc -o "stm32f0.elf" @"objects.list"   -mcpu=cortex-m0 -T"/home/elias/STM32CubeIDE/Pulse_Counter/stm32f0/STM32F030F4PX_FLASH.ld" --specs=nosys.specs -Wl,-Map="stm32f0.map" -Wl,--gc-sections -static --specs=nano.specs -mfloat-abi=soft -mthumb -Wl,--start-group -lc -lm -Wl,--end-group
Finished building target: stm32f0.elf
 
arm-none-eabi-size  stm32f0.elf 
arm-none-eabi-objdump -h -S stm32f0.elf  > "stm32f0.list"
   text	   data	    bss	    dec	    hex	filename
    460	      0	   1568	   2028	    7ec	stm32f0.elf
Finished building: default.size.stdout
 
Finished building: stm32f0.list
 

16:29:41 Build Finished. 0 errors, 0 warnings. (took 334ms)

